[ 2017-05-19T23:44:14+08:00 ] 127.0.0.1 127.0.0.1 GET /RosInfo/getApi?runTime=4d53m47s&version=123&totalMemory=134217728&freeMemory=94449664&totalHddSpace=67108864&freeHddSpace=25722880&buildTime=Nov/06/2015%2012:49:27&cpu=MIPS%2074Kc%20V4.12&cpuCount=1&cpuFrequency=600&cpuLoad=11&boardName=RB951G-2HnD&onLineUserNum=10&systemTime=Nov/06/2015%2012:49:27&timeZone=aa&status=1
[ log ] ros.com/RosInfo/getApi?runTime=4d53m47s&version=123&totalMemory=134217728&freeMemory=94449664&totalHddSpace=67108864&freeHddSpace=25722880&buildTime=Nov/06/2015%2012:49:27&cpu=MIPS%2074Kc%20V4.12&cpuCount=1&cpuFrequency=600&cpuLoad=11&boardName=RB951G-2HnD&onLineUserNum=10&systemTime=Nov/06/2015%2012:49:27&timeZone=aa&status=1 [运行时间：0.071004s][吞吐率：14.08req/s] [内存消耗：2,727.70kb] [文件加载：60]
[ info ] [ LANG ] D:\wwwroot\rosManage\thinkphp\lang\zh-cn.php
[ info ] [ LANG ] D:\wwwroot\rosManage\public/../application/lang\zh-cn.php
[ info ] [ BIND ] 'admin'
[ info ] [ ROUTE ] array (
  'type' => 'module',
  'module' => 
  array (
    0 => 'admin',
    1 => 'RosInfo',
    2 => 'getApi',
  ),
)
[ info ] [ HEADER ] array (
  'host' => 'ros.com',
  'connection' => 'keep-alive',
  'cache-control' => 'max-age=0',
  'upgrade-insecure-requests' => '1',
  'user-agent' => 'Mozilla/5.0 (Windows NT 6.1; WOW64) AppleWebKit/537.36 (KHTML, like Gecko) Chrome/54.0.2840.71 Safari/537.36',
  'accept' => 'text/html,application/xhtml+xml,application/xml;q=0.9,image/webp,*/*;q=0.8',
  'accept-encoding' => 'gzip, deflate, sdch',
  'accept-language' => 'zh-CN,zh;q=0.8',
  'cookie' => 'thinkphp_show_page_trace=0|0',
)
[ info ] [ PARAM ] array (
  'runTime' => '4d53m47s',
  'version' => '123',
  'totalMemory' => '134217728',
  'freeMemory' => '94449664',
  'totalHddSpace' => '67108864',
  'freeHddSpace' => '25722880',
  'buildTime' => 'Nov/06/2015 12:49:27',
  'cpu' => 'MIPS 74Kc V4.12',
  'cpuCount' => '1',
  'cpuFrequency' => '600',
  'cpuLoad' => '11',
  'boardName' => 'RB951G-2HnD',
  'onLineUserNum' => '10',
  'systemTime' => 'Nov/06/2015 12:49:27',
  'timeZone' => 'aa',
  'status' => '1',
)
[ info ] [ RUN ] app\admin\controller\RosInfo->getApi[ D:\wwwroot\rosManage\application\admin\controller\RosInfo.php ]
[ info ] [ DB ] INIT mysql
[ info ] [ LOG ] INIT File

---------------------------------------------------------------
[ 2017-05-19T23:45:02+08:00 ] 127.0.0.1 127.0.0.1 GET /RosInfo/getApi?runTime=4d53m47s&version=123&totalMemory=134217728&freeMemory=94449664&totalHddSpace=67108864&freeHddSpace=25722880&buildTime=Nov/06/2015%2012:49:27&cpu=MIPS%2074Kc%20V4.12&cpuCount=1&cpuFrequency=600&cpuLoad=11&boardName=RB951G-2HnD&onLineUserNum=10&systemTime=Nov/06/2015%2012:49:27&timeZone=aa&status=1
[ log ] ros.com/RosInfo/getApi?runTime=4d53m47s&version=123&totalMemory=134217728&freeMemory=94449664&totalHddSpace=67108864&freeHddSpace=25722880&buildTime=Nov/06/2015%2012:49:27&cpu=MIPS%2074Kc%20V4.12&cpuCount=1&cpuFrequency=600&cpuLoad=11&boardName=RB951G-2HnD&onLineUserNum=10&systemTime=Nov/06/2015%2012:49:27&timeZone=aa&status=1 [运行时间：0.039002s][吞吐率：25.64req/s] [内存消耗：1,581.06kb] [文件加载：44]
[ info ] [ LANG ] D:\wwwroot\rosManage\thinkphp\lang\zh-cn.php
[ info ] [ LANG ] D:\wwwroot\rosManage\public/../application/lang\zh-cn.php
[ info ] [ BIND ] 'admin'
[ info ] [ ROUTE ] array (
  'type' => 'module',
  'module' => 
  array (
    0 => 'admin',
    1 => 'RosInfo',
    2 => 'getApi',
  ),
)
[ info ] [ HEADER ] array (
  'host' => 'ros.com',
  'connection' => 'keep-alive',
  'cache-control' => 'max-age=0',
  'upgrade-insecure-requests' => '1',
  'user-agent' => 'Mozilla/5.0 (Windows NT 6.1; WOW64) AppleWebKit/537.36 (KHTML, like Gecko) Chrome/54.0.2840.71 Safari/537.36',
  'accept' => 'text/html,application/xhtml+xml,application/xml;q=0.9,image/webp,*/*;q=0.8',
  'accept-encoding' => 'gzip, deflate, sdch',
  'accept-language' => 'zh-CN,zh;q=0.8',
  'cookie' => 'thinkphp_show_page_trace=0|0',
)
[ info ] [ PARAM ] array (
  'runTime' => '4d53m47s',
  'version' => '123',
  'totalMemory' => '134217728',
  'freeMemory' => '94449664',
  'totalHddSpace' => '67108864',
  'freeHddSpace' => '25722880',
  'buildTime' => 'Nov/06/2015 12:49:27',
  'cpu' => 'MIPS 74Kc V4.12',
  'cpuCount' => '1',
  'cpuFrequency' => '600',
  'cpuLoad' => '11',
  'boardName' => 'RB951G-2HnD',
  'onLineUserNum' => '10',
  'systemTime' => 'Nov/06/2015 12:49:27',
  'timeZone' => 'aa',
  'status' => '1',
)
[ info ] [ RUN ] app\admin\controller\RosInfo->getApi[ D:\wwwroot\rosManage\application\admin\controller\RosInfo.php ]
[ info ] [ LOG ] INIT File

---------------------------------------------------------------
[ 2017-05-19T23:45:26+08:00 ] 127.0.0.1 127.0.0.1 GET /RosInfo/getApi?runTime=4d53m47s&version=123&totalMemory=134217728&freeMemory=94449664&totalHddSpace=67108864&freeHddSpace=25722880&buildTime=Nov/06/2015%2012:49:27&cpu=MIPS%2074Kc%20V4.12&cpuCount=1&cpuFrequency=600&cpuLoad=11&boardName=RB951G-2HnD&onLineUserNum=10&systemTime=Nov/06/2015%2012:49:27&timeZone=aa&status=1
[ log ] ros.com/RosInfo/getApi?runTime=4d53m47s&version=123&totalMemory=134217728&freeMemory=94449664&totalHddSpace=67108864&freeHddSpace=25722880&buildTime=Nov/06/2015%2012:49:27&cpu=MIPS%2074Kc%20V4.12&cpuCount=1&cpuFrequency=600&cpuLoad=11&boardName=RB951G-2HnD&onLineUserNum=10&systemTime=Nov/06/2015%2012:49:27&timeZone=aa&status=1 [运行时间：0.057004s][吞吐率：17.54req/s] [内存消耗：2,727.93kb] [文件加载：60]
[ info ] [ LANG ] D:\wwwroot\rosManage\thinkphp\lang\zh-cn.php
[ info ] [ LANG ] D:\wwwroot\rosManage\public/../application/lang\zh-cn.php
[ info ] [ BIND ] 'admin'
[ info ] [ ROUTE ] array (
  'type' => 'module',
  'module' => 
  array (
    0 => 'admin',
    1 => 'RosInfo',
    2 => 'getApi',
  ),
)
[ info ] [ HEADER ] array (
  'host' => 'ros.com',
  'connection' => 'keep-alive',
  'cache-control' => 'max-age=0',
  'upgrade-insecure-requests' => '1',
  'user-agent' => 'Mozilla/5.0 (Windows NT 6.1; WOW64) AppleWebKit/537.36 (KHTML, like Gecko) Chrome/54.0.2840.71 Safari/537.36',
  'accept' => 'text/html,application/xhtml+xml,application/xml;q=0.9,image/webp,*/*;q=0.8',
  'accept-encoding' => 'gzip, deflate, sdch',
  'accept-language' => 'zh-CN,zh;q=0.8',
  'cookie' => 'thinkphp_show_page_trace=0|0',
)
[ info ] [ PARAM ] array (
  'runTime' => '4d53m47s',
  'version' => '123',
  'totalMemory' => '134217728',
  'freeMemory' => '94449664',
  'totalHddSpace' => '67108864',
  'freeHddSpace' => '25722880',
  'buildTime' => 'Nov/06/2015 12:49:27',
  'cpu' => 'MIPS 74Kc V4.12',
  'cpuCount' => '1',
  'cpuFrequency' => '600',
  'cpuLoad' => '11',
  'boardName' => 'RB951G-2HnD',
  'onLineUserNum' => '10',
  'systemTime' => 'Nov/06/2015 12:49:27',
  'timeZone' => 'aa',
  'status' => '1',
)
[ info ] [ RUN ] app\admin\controller\RosInfo->getApi[ D:\wwwroot\rosManage\application\admin\controller\RosInfo.php ]
[ info ] [ DB ] INIT mysql
[ info ] [ LOG ] INIT File

---------------------------------------------------------------
[ 2017-05-19T23:45:48+08:00 ] 127.0.0.1 127.0.0.1 GET /RosInfo/getApi?runTime=4d53m47s&version=123&totalMemory=134217728&freeMemory=94449664&totalHddSpace=67108864&freeHddSpace=25722880&buildTime=Nov/06/2015%2012:49:27&cpu=MIPS%2074Kc%20V4.12&cpuCount=1&cpuFrequency=600&cpuLoad=11&boardName=RB951G-2HnD&onLineUserNum=10&systemTime=Nov/06/2015%2012:49:27&timeZone=aa&status=1
[ log ] ros.com/RosInfo/getApi?runTime=4d53m47s&version=123&totalMemory=134217728&freeMemory=94449664&totalHddSpace=67108864&freeHddSpace=25722880&buildTime=Nov/06/2015%2012:49:27&cpu=MIPS%2074Kc%20V4.12&cpuCount=1&cpuFrequency=600&cpuLoad=11&boardName=RB951G-2HnD&onLineUserNum=10&systemTime=Nov/06/2015%2012:49:27&timeZone=aa&status=1 [运行时间：0.061004s][吞吐率：16.39req/s] [内存消耗：2,728.20kb] [文件加载：60]
[ info ] [ LANG ] D:\wwwroot\rosManage\thinkphp\lang\zh-cn.php
[ info ] [ LANG ] D:\wwwroot\rosManage\public/../application/lang\zh-cn.php
[ info ] [ BIND ] 'admin'
[ info ] [ ROUTE ] array (
  'type' => 'module',
  'module' => 
  array (
    0 => 'admin',
    1 => 'RosInfo',
    2 => 'getApi',
  ),
)
[ info ] [ HEADER ] array (
  'host' => 'ros.com',
  'connection' => 'keep-alive',
  'cache-control' => 'max-age=0',
  'upgrade-insecure-requests' => '1',
  'user-agent' => 'Mozilla/5.0 (Windows NT 6.1; WOW64) AppleWebKit/537.36 (KHTML, like Gecko) Chrome/54.0.2840.71 Safari/537.36',
  'accept' => 'text/html,application/xhtml+xml,application/xml;q=0.9,image/webp,*/*;q=0.8',
  'accept-encoding' => 'gzip, deflate, sdch',
  'accept-language' => 'zh-CN,zh;q=0.8',
  'cookie' => 'thinkphp_show_page_trace=0|0',
)
[ info ] [ PARAM ] array (
  'runTime' => '4d53m47s',
  'version' => '123',
  'totalMemory' => '134217728',
  'freeMemory' => '94449664',
  'totalHddSpace' => '67108864',
  'freeHddSpace' => '25722880',
  'buildTime' => 'Nov/06/2015 12:49:27',
  'cpu' => 'MIPS 74Kc V4.12',
  'cpuCount' => '1',
  'cpuFrequency' => '600',
  'cpuLoad' => '11',
  'boardName' => 'RB951G-2HnD',
  'onLineUserNum' => '10',
  'systemTime' => 'Nov/06/2015 12:49:27',
  'timeZone' => 'aa',
  'status' => '1',
)
[ info ] [ RUN ] app\admin\controller\RosInfo->getApi[ D:\wwwroot\rosManage\application\admin\controller\RosInfo.php ]
[ info ] [ DB ] INIT mysql
[ info ] [ LOG ] INIT File

---------------------------------------------------------------
[ 2017-05-19T23:45:49+08:00 ] 127.0.0.1 127.0.0.1 GET /RosInfo/getApi?runTime=4d53m47s&version=123&totalMemory=134217728&freeMemory=94449664&totalHddSpace=67108864&freeHddSpace=25722880&buildTime=Nov/06/2015%2012:49:27&cpu=MIPS%2074Kc%20V4.12&cpuCount=1&cpuFrequency=600&cpuLoad=11&boardName=RB951G-2HnD&onLineUserNum=10&systemTime=Nov/06/2015%2012:49:27&timeZone=aa&status=1
[ log ] ros.com/RosInfo/getApi?runTime=4d53m47s&version=123&totalMemory=134217728&freeMemory=94449664&totalHddSpace=67108864&freeHddSpace=25722880&buildTime=Nov/06/2015%2012:49:27&cpu=MIPS%2074Kc%20V4.12&cpuCount=1&cpuFrequency=600&cpuLoad=11&boardName=RB951G-2HnD&onLineUserNum=10&systemTime=Nov/06/2015%2012:49:27&timeZone=aa&status=1 [运行时间：0.058003s][吞吐率：17.24req/s] [内存消耗：2,728.20kb] [文件加载：60]
[ info ] [ LANG ] D:\wwwroot\rosManage\thinkphp\lang\zh-cn.php
[ info ] [ LANG ] D:\wwwroot\rosManage\public/../application/lang\zh-cn.php
[ info ] [ BIND ] 'admin'
[ info ] [ ROUTE ] array (
  'type' => 'module',
  'module' => 
  array (
    0 => 'admin',
    1 => 'RosInfo',
    2 => 'getApi',
  ),
)
[ info ] [ HEADER ] array (
  'host' => 'ros.com',
  'connection' => 'keep-alive',
  'cache-control' => 'max-age=0',
  'upgrade-insecure-requests' => '1',
  'user-agent' => 'Mozilla/5.0 (Windows NT 6.1; WOW64) AppleWebKit/537.36 (KHTML, like Gecko) Chrome/54.0.2840.71 Safari/537.36',
  'accept' => 'text/html,application/xhtml+xml,application/xml;q=0.9,image/webp,*/*;q=0.8',
  'accept-encoding' => 'gzip, deflate, sdch',
  'accept-language' => 'zh-CN,zh;q=0.8',
  'cookie' => 'thinkphp_show_page_trace=0|0',
)
[ info ] [ PARAM ] array (
  'runTime' => '4d53m47s',
  'version' => '123',
  'totalMemory' => '134217728',
  'freeMemory' => '94449664',
  'totalHddSpace' => '67108864',
  'freeHddSpace' => '25722880',
  'buildTime' => 'Nov/06/2015 12:49:27',
  'cpu' => 'MIPS 74Kc V4.12',
  'cpuCount' => '1',
  'cpuFrequency' => '600',
  'cpuLoad' => '11',
  'boardName' => 'RB951G-2HnD',
  'onLineUserNum' => '10',
  'systemTime' => 'Nov/06/2015 12:49:27',
  'timeZone' => 'aa',
  'status' => '1',
)
[ info ] [ RUN ] app\admin\controller\RosInfo->getApi[ D:\wwwroot\rosManage\application\admin\controller\RosInfo.php ]
[ info ] [ DB ] INIT mysql
[ info ] [ LOG ] INIT File

---------------------------------------------------------------
[ 2017-05-19T23:45:49+08:00 ] 127.0.0.1 127.0.0.1 GET /RosInfo/getApi?runTime=4d53m47s&version=123&totalMemory=134217728&freeMemory=94449664&totalHddSpace=67108864&freeHddSpace=25722880&buildTime=Nov/06/2015%2012:49:27&cpu=MIPS%2074Kc%20V4.12&cpuCount=1&cpuFrequency=600&cpuLoad=11&boardName=RB951G-2HnD&onLineUserNum=10&systemTime=Nov/06/2015%2012:49:27&timeZone=aa&status=1
[ log ] ros.com/RosInfo/getApi?runTime=4d53m47s&version=123&totalMemory=134217728&freeMemory=94449664&totalHddSpace=67108864&freeHddSpace=25722880&buildTime=Nov/06/2015%2012:49:27&cpu=MIPS%2074Kc%20V4.12&cpuCount=1&cpuFrequency=600&cpuLoad=11&boardName=RB951G-2HnD&onLineUserNum=10&systemTime=Nov/06/2015%2012:49:27&timeZone=aa&status=1 [运行时间：0.058003s][吞吐率：17.24req/s] [内存消耗：2,728.20kb] [文件加载：60]
[ info ] [ LANG ] D:\wwwroot\rosManage\thinkphp\lang\zh-cn.php
[ info ] [ LANG ] D:\wwwroot\rosManage\public/../application/lang\zh-cn.php
[ info ] [ BIND ] 'admin'
[ info ] [ ROUTE ] array (
  'type' => 'module',
  'module' => 
  array (
    0 => 'admin',
    1 => 'RosInfo',
    2 => 'getApi',
  ),
)
[ info ] [ HEADER ] array (
  'host' => 'ros.com',
  'connection' => 'keep-alive',
  'cache-control' => 'max-age=0',
  'upgrade-insecure-requests' => '1',
  'user-agent' => 'Mozilla/5.0 (Windows NT 6.1; WOW64) AppleWebKit/537.36 (KHTML, like Gecko) Chrome/54.0.2840.71 Safari/537.36',
  'accept' => 'text/html,application/xhtml+xml,application/xml;q=0.9,image/webp,*/*;q=0.8',
  'accept-encoding' => 'gzip, deflate, sdch',
  'accept-language' => 'zh-CN,zh;q=0.8',
  'cookie' => 'thinkphp_show_page_trace=0|0',
)
[ info ] [ PARAM ] array (
  'runTime' => '4d53m47s',
  'version' => '123',
  'totalMemory' => '134217728',
  'freeMemory' => '94449664',
  'totalHddSpace' => '67108864',
  'freeHddSpace' => '25722880',
  'buildTime' => 'Nov/06/2015 12:49:27',
  'cpu' => 'MIPS 74Kc V4.12',
  'cpuCount' => '1',
  'cpuFrequency' => '600',
  'cpuLoad' => '11',
  'boardName' => 'RB951G-2HnD',
  'onLineUserNum' => '10',
  'systemTime' => 'Nov/06/2015 12:49:27',
  'timeZone' => 'aa',
  'status' => '1',
)
[ info ] [ RUN ] app\admin\controller\RosInfo->getApi[ D:\wwwroot\rosManage\application\admin\controller\RosInfo.php ]
[ info ] [ DB ] INIT mysql
[ info ] [ LOG ] INIT File

---------------------------------------------------------------
[ 2017-05-19T23:45:50+08:00 ] 127.0.0.1 127.0.0.1 GET /RosInfo/getApi?runTime=4d53m47s&version=123&totalMemory=134217728&freeMemory=94449664&totalHddSpace=67108864&freeHddSpace=25722880&buildTime=Nov/06/2015%2012:49:27&cpu=MIPS%2074Kc%20V4.12&cpuCount=1&cpuFrequency=600&cpuLoad=11&boardName=RB951G-2HnD&onLineUserNum=10&systemTime=Nov/06/2015%2012:49:27&timeZone=aa&status=1
[ log ] ros.com/RosInfo/getApi?runTime=4d53m47s&version=123&totalMemory=134217728&freeMemory=94449664&totalHddSpace=67108864&freeHddSpace=25722880&buildTime=Nov/06/2015%2012:49:27&cpu=MIPS%2074Kc%20V4.12&cpuCount=1&cpuFrequency=600&cpuLoad=11&boardName=RB951G-2HnD&onLineUserNum=10&systemTime=Nov/06/2015%2012:49:27&timeZone=aa&status=1 [运行时间：0.056003s][吞吐率：17.86req/s] [内存消耗：2,728.20kb] [文件加载：60]
[ info ] [ LANG ] D:\wwwroot\rosManage\thinkphp\lang\zh-cn.php
[ info ] [ LANG ] D:\wwwroot\rosManage\public/../application/lang\zh-cn.php
[ info ] [ BIND ] 'admin'
[ info ] [ ROUTE ] array (
  'type' => 'module',
  'module' => 
  array (
    0 => 'admin',
    1 => 'RosInfo',
    2 => 'getApi',
  ),
)
[ info ] [ HEADER ] array (
  'host' => 'ros.com',
  'connection' => 'keep-alive',
  'cache-control' => 'max-age=0',
  'upgrade-insecure-requests' => '1',
  'user-agent' => 'Mozilla/5.0 (Windows NT 6.1; WOW64) AppleWebKit/537.36 (KHTML, like Gecko) Chrome/54.0.2840.71 Safari/537.36',
  'accept' => 'text/html,application/xhtml+xml,application/xml;q=0.9,image/webp,*/*;q=0.8',
  'accept-encoding' => 'gzip, deflate, sdch',
  'accept-language' => 'zh-CN,zh;q=0.8',
  'cookie' => 'thinkphp_show_page_trace=0|0',
)
[ info ] [ PARAM ] array (
  'runTime' => '4d53m47s',
  'version' => '123',
  'totalMemory' => '134217728',
  'freeMemory' => '94449664',
  'totalHddSpace' => '67108864',
  'freeHddSpace' => '25722880',
  'buildTime' => 'Nov/06/2015 12:49:27',
  'cpu' => 'MIPS 74Kc V4.12',
  'cpuCount' => '1',
  'cpuFrequency' => '600',
  'cpuLoad' => '11',
  'boardName' => 'RB951G-2HnD',
  'onLineUserNum' => '10',
  'systemTime' => 'Nov/06/2015 12:49:27',
  'timeZone' => 'aa',
  'status' => '1',
)
[ info ] [ RUN ] app\admin\controller\RosInfo->getApi[ D:\wwwroot\rosManage\application\admin\controller\RosInfo.php ]
[ info ] [ DB ] INIT mysql
[ info ] [ LOG ] INIT File

---------------------------------------------------------------
[ 2017-05-19T23:45:50+08:00 ] 127.0.0.1 127.0.0.1 GET /RosInfo/getApi?runTime=4d53m47s&version=123&totalMemory=134217728&freeMemory=94449664&totalHddSpace=67108864&freeHddSpace=25722880&buildTime=Nov/06/2015%2012:49:27&cpu=MIPS%2074Kc%20V4.12&cpuCount=1&cpuFrequency=600&cpuLoad=11&boardName=RB951G-2HnD&onLineUserNum=10&systemTime=Nov/06/2015%2012:49:27&timeZone=aa&status=1
[ log ] ros.com/RosInfo/getApi?runTime=4d53m47s&version=123&totalMemory=134217728&freeMemory=94449664&totalHddSpace=67108864&freeHddSpace=25722880&buildTime=Nov/06/2015%2012:49:27&cpu=MIPS%2074Kc%20V4.12&cpuCount=1&cpuFrequency=600&cpuLoad=11&boardName=RB951G-2HnD&onLineUserNum=10&systemTime=Nov/06/2015%2012:49:27&timeZone=aa&status=1 [运行时间：0.057004s][吞吐率：17.54req/s] [内存消耗：2,728.20kb] [文件加载：60]
[ info ] [ LANG ] D:\wwwroot\rosManage\thinkphp\lang\zh-cn.php
[ info ] [ LANG ] D:\wwwroot\rosManage\public/../application/lang\zh-cn.php
[ info ] [ BIND ] 'admin'
[ info ] [ ROUTE ] array (
  'type' => 'module',
  'module' => 
  array (
    0 => 'admin',
    1 => 'RosInfo',
    2 => 'getApi',
  ),
)
[ info ] [ HEADER ] array (
  'host' => 'ros.com',
  'connection' => 'keep-alive',
  'cache-control' => 'max-age=0',
  'upgrade-insecure-requests' => '1',
  'user-agent' => 'Mozilla/5.0 (Windows NT 6.1; WOW64) AppleWebKit/537.36 (KHTML, like Gecko) Chrome/54.0.2840.71 Safari/537.36',
  'accept' => 'text/html,application/xhtml+xml,application/xml;q=0.9,image/webp,*/*;q=0.8',
  'accept-encoding' => 'gzip, deflate, sdch',
  'accept-language' => 'zh-CN,zh;q=0.8',
  'cookie' => 'thinkphp_show_page_trace=0|0',
)
[ info ] [ PARAM ] array (
  'runTime' => '4d53m47s',
  'version' => '123',
  'totalMemory' => '134217728',
  'freeMemory' => '94449664',
  'totalHddSpace' => '67108864',
  'freeHddSpace' => '25722880',
  'buildTime' => 'Nov/06/2015 12:49:27',
  'cpu' => 'MIPS 74Kc V4.12',
  'cpuCount' => '1',
  'cpuFrequency' => '600',
  'cpuLoad' => '11',
  'boardName' => 'RB951G-2HnD',
  'onLineUserNum' => '10',
  'systemTime' => 'Nov/06/2015 12:49:27',
  'timeZone' => 'aa',
  'status' => '1',
)
[ info ] [ RUN ] app\admin\controller\RosInfo->getApi[ D:\wwwroot\rosManage\application\admin\controller\RosInfo.php ]
[ info ] [ DB ] INIT mysql
[ info ] [ LOG ] INIT File

---------------------------------------------------------------
[ 2017-05-19T23:46:45+08:00 ] 127.0.0.1 127.0.0.1 GET /RosInfo/getApi?domain=jx004.webok.net&runTime=4d53m47s&version=123&totalMemory=134217728&freeMemory=94449664&totalHddSpace=67108864&freeHddSpace=25722880&buildTime=Nov/06/2015%2012:49:27&cpu=MIPS%2074Kc%20V4.12&cpuCount=1&cpuFrequency=600&cpuLoad=11&boardName=RB951G-2HnD&onLineUserNum=10&systemTime=Nov/06/2015%2012:49:27&timeZone=aa&status=1
[ log ] ros.com/RosInfo/getApi?domain=jx004.webok.net&runTime=4d53m47s&version=123&totalMemory=134217728&freeMemory=94449664&totalHddSpace=67108864&freeHddSpace=25722880&buildTime=Nov/06/2015%2012:49:27&cpu=MIPS%2074Kc%20V4.12&cpuCount=1&cpuFrequency=600&cpuLoad=11&boardName=RB951G-2HnD&onLineUserNum=10&systemTime=Nov/06/2015%2012:49:27&timeZone=aa&status=1 [运行时间：0.063003s][吞吐率：15.87req/s] [内存消耗：2,631.09kb] [文件加载：55]
[ info ] [ LANG ] D:\wwwroot\rosManage\thinkphp\lang\zh-cn.php
[ info ] [ LANG ] D:\wwwroot\rosManage\public/../application/lang\zh-cn.php
[ info ] [ BIND ] 'admin'
[ info ] [ ROUTE ] array (
  'type' => 'module',
  'module' => 
  array (
    0 => 'admin',
    1 => 'RosInfo',
    2 => 'getApi',
  ),
)
[ info ] [ HEADER ] array (
  'host' => 'ros.com',
  'connection' => 'keep-alive',
  'upgrade-insecure-requests' => '1',
  'user-agent' => 'Mozilla/5.0 (Windows NT 6.1; WOW64) AppleWebKit/537.36 (KHTML, like Gecko) Chrome/54.0.2840.71 Safari/537.36',
  'accept' => 'text/html,application/xhtml+xml,application/xml;q=0.9,image/webp,*/*;q=0.8',
  'accept-encoding' => 'gzip, deflate, sdch',
  'accept-language' => 'zh-CN,zh;q=0.8',
  'cookie' => 'thinkphp_show_page_trace=0|0',
)
[ info ] [ PARAM ] array (
  'domain' => 'jx004.webok.net',
  'runTime' => '4d53m47s',
  'version' => '123',
  'totalMemory' => '134217728',
  'freeMemory' => '94449664',
  'totalHddSpace' => '67108864',
  'freeHddSpace' => '25722880',
  'buildTime' => 'Nov/06/2015 12:49:27',
  'cpu' => 'MIPS 74Kc V4.12',
  'cpuCount' => '1',
  'cpuFrequency' => '600',
  'cpuLoad' => '11',
  'boardName' => 'RB951G-2HnD',
  'onLineUserNum' => '10',
  'systemTime' => 'Nov/06/2015 12:49:27',
  'timeZone' => 'aa',
  'status' => '1',
)
[ info ] [ RUN ] app\admin\controller\RosInfo->getApi[ D:\wwwroot\rosManage\application\admin\controller\RosInfo.php ]
[ info ] [ DB ] INIT mysql
[ info ] [ LOG ] INIT File
[ sql ] [ DB ] CONNECT:[ UseTime:0.001000s ] mysql:dbname=ros_admin;host=127.0.0.1;port=3306;charset=utf8
[ sql ] [ SQL ] SHOW COLUMNS FROM `route_service` [ RunTime:0.005000s ]
[ sql ] [ SQL ] SELECT * FROM `route_service` WHERE  `domain` LIKE 'jx004.webok.net' OR `by_domain` LIKE '%jx004.webok.net%' LIMIT 1 [ RunTime:0.001000s ]

---------------------------------------------------------------
[ 2017-05-19T23:47:00+08:00 ] 127.0.0.1 127.0.0.1 GET /RosInfo/getApi?domain=jx004.webok.net&runTime=4d53m47s&version=123&totalMemory=134217728&freeMemory=94449664&totalHddSpace=67108864&freeHddSpace=25722880&buildTime=Nov/06/2015%2012:49:27&cpu=MIPS%2074Kc%20V4.12&cpuCount=1&cpuFrequency=600&cpuLoad=11&boardName=RB951G-2HnD&onLineUserNum=10&systemTime=Nov/06/2015%2012:49:27&timeZone=aa&status=1
[ log ] ros.com/RosInfo/getApi?domain=jx004.webok.net&runTime=4d53m47s&version=123&totalMemory=134217728&freeMemory=94449664&totalHddSpace=67108864&freeHddSpace=25722880&buildTime=Nov/06/2015%2012:49:27&cpu=MIPS%2074Kc%20V4.12&cpuCount=1&cpuFrequency=600&cpuLoad=11&boardName=RB951G-2HnD&onLineUserNum=10&systemTime=Nov/06/2015%2012:49:27&timeZone=aa&status=1 [运行时间：0.055003s][吞吐率：18.18req/s] [内存消耗：2,567.04kb] [文件加载：54]
[ info ] [ LANG ] D:\wwwroot\rosManage\thinkphp\lang\zh-cn.php
[ info ] [ LANG ] D:\wwwroot\rosManage\public/../application/lang\zh-cn.php
[ info ] [ BIND ] 'admin'
[ info ] [ ROUTE ] array (
  'type' => 'module',
  'module' => 
  array (
    0 => 'admin',
    1 => 'RosInfo',
    2 => 'getApi',
  ),
)
[ info ] [ HEADER ] array (
  'host' => 'ros.com',
  'connection' => 'keep-alive',
  'cache-control' => 'max-age=0',
  'upgrade-insecure-requests' => '1',
  'user-agent' => 'Mozilla/5.0 (Windows NT 6.1; WOW64) AppleWebKit/537.36 (KHTML, like Gecko) Chrome/54.0.2840.71 Safari/537.36',
  'accept' => 'text/html,application/xhtml+xml,application/xml;q=0.9,image/webp,*/*;q=0.8',
  'accept-encoding' => 'gzip, deflate, sdch',
  'accept-language' => 'zh-CN,zh;q=0.8',
  'cookie' => 'thinkphp_show_page_trace=0|0',
)
[ info ] [ PARAM ] array (
  'domain' => 'jx004.webok.net',
  'runTime' => '4d53m47s',
  'version' => '123',
  'totalMemory' => '134217728',
  'freeMemory' => '94449664',
  'totalHddSpace' => '67108864',
  'freeHddSpace' => '25722880',
  'buildTime' => 'Nov/06/2015 12:49:27',
  'cpu' => 'MIPS 74Kc V4.12',
  'cpuCount' => '1',
  'cpuFrequency' => '600',
  'cpuLoad' => '11',
  'boardName' => 'RB951G-2HnD',
  'onLineUserNum' => '10',
  'systemTime' => 'Nov/06/2015 12:49:27',
  'timeZone' => 'aa',
  'status' => '1',
)
[ info ] [ RUN ] app\admin\controller\RosInfo->getApi[ D:\wwwroot\rosManage\application\admin\controller\RosInfo.php ]
[ info ] [ DB ] INIT mysql
[ info ] [ LOG ] INIT File

---------------------------------------------------------------
[ 2017-05-19T23:47:34+08:00 ] 127.0.0.1 127.0.0.1 GET /RosInfo/getApi?domain=jx004.webok.net&runTime=4d53m47s&version=123&totalMemory=134217728&freeMemory=94449664&totalHddSpace=67108864&freeHddSpace=25722880&buildTime=Nov/06/2015%2012:49:27&cpu=MIPS%2074Kc%20V4.12&cpuCount=1&cpuFrequency=600&cpuLoad=11&boardName=RB951G-2HnD&onLineUserNum=10&systemTime=Nov/06/2015%2012:49:27&timeZone=aa&status=1
[ log ] ros.com/RosInfo/getApi?domain=jx004.webok.net&runTime=4d53m47s&version=123&totalMemory=134217728&freeMemory=94449664&totalHddSpace=67108864&freeHddSpace=25722880&buildTime=Nov/06/2015%2012:49:27&cpu=MIPS%2074Kc%20V4.12&cpuCount=1&cpuFrequency=600&cpuLoad=11&boardName=RB951G-2HnD&onLineUserNum=10&systemTime=Nov/06/2015%2012:49:27&timeZone=aa&status=1 [运行时间：0.082005s][吞吐率：12.19req/s] [内存消耗：2,631.34kb] [文件加载：55]
[ info ] [ LANG ] D:\wwwroot\rosManage\thinkphp\lang\zh-cn.php
[ info ] [ LANG ] D:\wwwroot\rosManage\public/../application/lang\zh-cn.php
[ info ] [ BIND ] 'admin'
[ info ] [ ROUTE ] array (
  'type' => 'module',
  'module' => 
  array (
    0 => 'admin',
    1 => 'RosInfo',
    2 => 'getApi',
  ),
)
[ info ] [ HEADER ] array (
  'host' => 'ros.com',
  'connection' => 'keep-alive',
  'cache-control' => 'max-age=0',
  'upgrade-insecure-requests' => '1',
  'user-agent' => 'Mozilla/5.0 (Windows NT 6.1; WOW64) AppleWebKit/537.36 (KHTML, like Gecko) Chrome/54.0.2840.71 Safari/537.36',
  'accept' => 'text/html,application/xhtml+xml,application/xml;q=0.9,image/webp,*/*;q=0.8',
  'accept-encoding' => 'gzip, deflate, sdch',
  'accept-language' => 'zh-CN,zh;q=0.8',
  'cookie' => 'thinkphp_show_page_trace=0|0',
)
[ info ] [ PARAM ] array (
  'domain' => 'jx004.webok.net',
  'runTime' => '4d53m47s',
  'version' => '123',
  'totalMemory' => '134217728',
  'freeMemory' => '94449664',
  'totalHddSpace' => '67108864',
  'freeHddSpace' => '25722880',
  'buildTime' => 'Nov/06/2015 12:49:27',
  'cpu' => 'MIPS 74Kc V4.12',
  'cpuCount' => '1',
  'cpuFrequency' => '600',
  'cpuLoad' => '11',
  'boardName' => 'RB951G-2HnD',
  'onLineUserNum' => '10',
  'systemTime' => 'Nov/06/2015 12:49:27',
  'timeZone' => 'aa',
  'status' => '1',
)
[ info ] [ RUN ] app\admin\controller\RosInfo->getApi[ D:\wwwroot\rosManage\application\admin\controller\RosInfo.php ]
[ info ] [ DB ] INIT mysql
[ info ] [ LOG ] INIT File
[ sql ] [ DB ] CONNECT:[ UseTime:0.010001s ] mysql:dbname=ros_admin;host=127.0.0.1;port=3306;charset=utf8
[ sql ] [ SQL ] SHOW COLUMNS FROM `route_service` [ RunTime:0.006000s ]
[ sql ] [ SQL ] SELECT * FROM `route_service` WHERE  `domain` LIKE 'jx004.webok.net' OR `by_domain` LIKE '%jx004.webok.net%' LIMIT 1 [ RunTime:0.002000s ]

---------------------------------------------------------------
[ 2017-05-19T23:47:47+08:00 ] 127.0.0.1 127.0.0.1 GET /RosInfo/getApi?domain=jx004.webok.net&runTime=4d53m47s&version=123&totalMemory=134217728&freeMemory=94449664&totalHddSpace=67108864&freeHddSpace=25722880&buildTime=Nov/06/2015%2012:49:27&cpu=MIPS%2074Kc%20V4.12&cpuCount=1&cpuFrequency=600&cpuLoad=11&boardName=RB951G-2HnD&onLineUserNum=10&systemTime=Nov/06/2015%2012:49:27&timeZone=aa&status=1
[ log ] ros.com/RosInfo/getApi?domain=jx004.webok.net&runTime=4d53m47s&version=123&totalMemory=134217728&freeMemory=94449664&totalHddSpace=67108864&freeHddSpace=25722880&buildTime=Nov/06/2015%2012:49:27&cpu=MIPS%2074Kc%20V4.12&cpuCount=1&cpuFrequency=600&cpuLoad=11&boardName=RB951G-2HnD&onLineUserNum=10&systemTime=Nov/06/2015%2012:49:27&timeZone=aa&status=1 [运行时间：0.053003s][吞吐率：18.87req/s] [内存消耗：2,567.02kb] [文件加载：54]
[ info ] [ LANG ] D:\wwwroot\rosManage\thinkphp\lang\zh-cn.php
[ info ] [ LANG ] D:\wwwroot\rosManage\public/../application/lang\zh-cn.php
[ info ] [ BIND ] 'admin'
[ info ] [ ROUTE ] array (
  'type' => 'module',
  'module' => 
  array (
    0 => 'admin',
    1 => 'RosInfo',
    2 => 'getApi',
  ),
)
[ info ] [ HEADER ] array (
  'host' => 'ros.com',
  'connection' => 'keep-alive',
  'cache-control' => 'max-age=0',
  'upgrade-insecure-requests' => '1',
  'user-agent' => 'Mozilla/5.0 (Windows NT 6.1; WOW64) AppleWebKit/537.36 (KHTML, like Gecko) Chrome/54.0.2840.71 Safari/537.36',
  'accept' => 'text/html,application/xhtml+xml,application/xml;q=0.9,image/webp,*/*;q=0.8',
  'accept-encoding' => 'gzip, deflate, sdch',
  'accept-language' => 'zh-CN,zh;q=0.8',
  'cookie' => 'thinkphp_show_page_trace=0|0',
)
[ info ] [ PARAM ] array (
  'domain' => 'jx004.webok.net',
  'runTime' => '4d53m47s',
  'version' => '123',
  'totalMemory' => '134217728',
  'freeMemory' => '94449664',
  'totalHddSpace' => '67108864',
  'freeHddSpace' => '25722880',
  'buildTime' => 'Nov/06/2015 12:49:27',
  'cpu' => 'MIPS 74Kc V4.12',
  'cpuCount' => '1',
  'cpuFrequency' => '600',
  'cpuLoad' => '11',
  'boardName' => 'RB951G-2HnD',
  'onLineUserNum' => '10',
  'systemTime' => 'Nov/06/2015 12:49:27',
  'timeZone' => 'aa',
  'status' => '1',
)
[ info ] [ RUN ] app\admin\controller\RosInfo->getApi[ D:\wwwroot\rosManage\application\admin\controller\RosInfo.php ]
[ info ] [ DB ] INIT mysql
[ info ] [ LOG ] INIT File

---------------------------------------------------------------
[ 2017-05-19T23:47:58+08:00 ] 127.0.0.1 127.0.0.1 GET /RosInfo/getApi?domain=jx004.webok.net&runTime=4d53m47s&version=123&totalMemory=134217728&freeMemory=94449664&totalHddSpace=67108864&freeHddSpace=25722880&buildTime=Nov/06/2015%2012:49:27&cpu=MIPS%2074Kc%20V4.12&cpuCount=1&cpuFrequency=600&cpuLoad=11&boardName=RB951G-2HnD&onLineUserNum=10&systemTime=Nov/06/2015%2012:49:27&timeZone=aa&status=1
[ log ] ros.com/RosInfo/getApi?domain=jx004.webok.net&runTime=4d53m47s&version=123&totalMemory=134217728&freeMemory=94449664&totalHddSpace=67108864&freeHddSpace=25722880&buildTime=Nov/06/2015%2012:49:27&cpu=MIPS%2074Kc%20V4.12&cpuCount=1&cpuFrequency=600&cpuLoad=11&boardName=RB951G-2HnD&onLineUserNum=10&systemTime=Nov/06/2015%2012:49:27&timeZone=aa&status=1 [运行时间：0.062003s][吞吐率：16.13req/s] [内存消耗：2,631.29kb] [文件加载：55]
[ info ] [ LANG ] D:\wwwroot\rosManage\thinkphp\lang\zh-cn.php
[ info ] [ LANG ] D:\wwwroot\rosManage\public/../application/lang\zh-cn.php
[ info ] [ BIND ] 'admin'
[ info ] [ ROUTE ] array (
  'type' => 'module',
  'module' => 
  array (
    0 => 'admin',
    1 => 'RosInfo',
    2 => 'getApi',
  ),
)
[ info ] [ HEADER ] array (
  'host' => 'ros.com',
  'connection' => 'keep-alive',
  'cache-control' => 'max-age=0',
  'upgrade-insecure-requests' => '1',
  'user-agent' => 'Mozilla/5.0 (Windows NT 6.1; WOW64) AppleWebKit/537.36 (KHTML, like Gecko) Chrome/54.0.2840.71 Safari/537.36',
  'accept' => 'text/html,application/xhtml+xml,application/xml;q=0.9,image/webp,*/*;q=0.8',
  'accept-encoding' => 'gzip, deflate, sdch',
  'accept-language' => 'zh-CN,zh;q=0.8',
  'cookie' => 'thinkphp_show_page_trace=0|0',
)
[ info ] [ PARAM ] array (
  'domain' => 'jx004.webok.net',
  'runTime' => '4d53m47s',
  'version' => '123',
  'totalMemory' => '134217728',
  'freeMemory' => '94449664',
  'totalHddSpace' => '67108864',
  'freeHddSpace' => '25722880',
  'buildTime' => 'Nov/06/2015 12:49:27',
  'cpu' => 'MIPS 74Kc V4.12',
  'cpuCount' => '1',
  'cpuFrequency' => '600',
  'cpuLoad' => '11',
  'boardName' => 'RB951G-2HnD',
  'onLineUserNum' => '10',
  'systemTime' => 'Nov/06/2015 12:49:27',
  'timeZone' => 'aa',
  'status' => '1',
)
[ info ] [ RUN ] app\admin\controller\RosInfo->getApi[ D:\wwwroot\rosManage\application\admin\controller\RosInfo.php ]
[ info ] [ DB ] INIT mysql
[ info ] [ LOG ] INIT File
[ sql ] [ DB ] CONNECT:[ UseTime:0.001000s ] mysql:dbname=ros_admin;host=127.0.0.1;port=3306;charset=utf8
[ sql ] [ SQL ] SHOW COLUMNS FROM `route_service` [ RunTime:0.005000s ]
[ sql ] [ SQL ] SELECT * FROM `route_service` WHERE  `domain` LIKE 'jx004.webok.net' OR `by_domain` LIKE '%jx004.webok.net%' LIMIT 1 [ RunTime:0.001000s ]

---------------------------------------------------------------
[ 2017-05-19T23:48:05+08:00 ] 127.0.0.1 127.0.0.1 GET /RosInfo/getApi?domain=jx004.webok.net&runTime=4d53m47s&version=123&totalMemory=134217728&freeMemory=94449664&totalHddSpace=67108864&freeHddSpace=25722880&buildTime=Nov/06/2015%2012:49:27&cpu=MIPS%2074Kc%20V4.12&cpuCount=1&cpuFrequency=600&cpuLoad=11&boardName=RB951G-2HnD&onLineUserNum=10&systemTime=Nov/06/2015%2012:49:27&timeZone=aa&status=1
[ log ] ros.com/RosInfo/getApi?domain=jx004.webok.net&runTime=4d53m47s&version=123&totalMemory=134217728&freeMemory=94449664&totalHddSpace=67108864&freeHddSpace=25722880&buildTime=Nov/06/2015%2012:49:27&cpu=MIPS%2074Kc%20V4.12&cpuCount=1&cpuFrequency=600&cpuLoad=11&boardName=RB951G-2HnD&onLineUserNum=10&systemTime=Nov/06/2015%2012:49:27&timeZone=aa&status=1 [运行时间：0.060003s][吞吐率：16.67req/s] [内存消耗：2,629.98kb] [文件加载：55]
[ info ] [ LANG ] D:\wwwroot\rosManage\thinkphp\lang\zh-cn.php
[ info ] [ LANG ] D:\wwwroot\rosManage\public/../application/lang\zh-cn.php
[ info ] [ BIND ] 'admin'
[ info ] [ ROUTE ] array (
  'type' => 'module',
  'module' => 
  array (
    0 => 'admin',
    1 => 'RosInfo',
    2 => 'getApi',
  ),
)
[ info ] [ HEADER ] array (
  'host' => 'ros.com',
  'connection' => 'keep-alive',
  'cache-control' => 'max-age=0',
  'upgrade-insecure-requests' => '1',
  'user-agent' => 'Mozilla/5.0 (Windows NT 6.1; WOW64) AppleWebKit/537.36 (KHTML, like Gecko) Chrome/54.0.2840.71 Safari/537.36',
  'accept' => 'text/html,application/xhtml+xml,application/xml;q=0.9,image/webp,*/*;q=0.8',
  'accept-encoding' => 'gzip, deflate, sdch',
  'accept-language' => 'zh-CN,zh;q=0.8',
  'cookie' => 'thinkphp_show_page_trace=0|0',
)
[ info ] [ PARAM ] array (
  'domain' => 'jx004.webok.net',
  'runTime' => '4d53m47s',
  'version' => '123',
  'totalMemory' => '134217728',
  'freeMemory' => '94449664',
  'totalHddSpace' => '67108864',
  'freeHddSpace' => '25722880',
  'buildTime' => 'Nov/06/2015 12:49:27',
  'cpu' => 'MIPS 74Kc V4.12',
  'cpuCount' => '1',
  'cpuFrequency' => '600',
  'cpuLoad' => '11',
  'boardName' => 'RB951G-2HnD',
  'onLineUserNum' => '10',
  'systemTime' => 'Nov/06/2015 12:49:27',
  'timeZone' => 'aa',
  'status' => '1',
)
[ info ] [ RUN ] app\admin\controller\RosInfo->getApi[ D:\wwwroot\rosManage\application\admin\controller\RosInfo.php ]
[ info ] [ DB ] INIT mysql
[ info ] [ LOG ] INIT File
[ sql ] [ DB ] CONNECT:[ UseTime:0.001000s ] mysql:dbname=ros_admin;host=127.0.0.1;port=3306;charset=utf8
[ sql ] [ SQL ] SHOW COLUMNS FROM `route_service` [ RunTime:0.004000s ]
[ sql ] [ SQL ] SELECT * FROM `route_service` WHERE  `domain` LIKE 'jx004.webok.net' LIMIT 1 [ RunTime:0.001000s ]

---------------------------------------------------------------
[ 2017-05-19T23:48:06+08:00 ] 127.0.0.1 127.0.0.1 GET /RosInfo/getApi?domain=jx004.webok.net&runTime=4d53m47s&version=123&totalMemory=134217728&freeMemory=94449664&totalHddSpace=67108864&freeHddSpace=25722880&buildTime=Nov/06/2015%2012:49:27&cpu=MIPS%2074Kc%20V4.12&cpuCount=1&cpuFrequency=600&cpuLoad=11&boardName=RB951G-2HnD&onLineUserNum=10&systemTime=Nov/06/2015%2012:49:27&timeZone=aa&status=1
[ log ] ros.com/RosInfo/getApi?domain=jx004.webok.net&runTime=4d53m47s&version=123&totalMemory=134217728&freeMemory=94449664&totalHddSpace=67108864&freeHddSpace=25722880&buildTime=Nov/06/2015%2012:49:27&cpu=MIPS%2074Kc%20V4.12&cpuCount=1&cpuFrequency=600&cpuLoad=11&boardName=RB951G-2HnD&onLineUserNum=10&systemTime=Nov/06/2015%2012:49:27&timeZone=aa&status=1 [运行时间：0.078004s][吞吐率：12.82req/s] [内存消耗：2,629.98kb] [文件加载：55]
[ info ] [ LANG ] D:\wwwroot\rosManage\thinkphp\lang\zh-cn.php
[ info ] [ LANG ] D:\wwwroot\rosManage\public/../application/lang\zh-cn.php
[ info ] [ BIND ] 'admin'
[ info ] [ ROUTE ] array (
  'type' => 'module',
  'module' => 
  array (
    0 => 'admin',
    1 => 'RosInfo',
    2 => 'getApi',
  ),
)
[ info ] [ HEADER ] array (
  'host' => 'ros.com',
  'connection' => 'keep-alive',
  'cache-control' => 'max-age=0',
  'upgrade-insecure-requests' => '1',
  'user-agent' => 'Mozilla/5.0 (Windows NT 6.1; WOW64) AppleWebKit/537.36 (KHTML, like Gecko) Chrome/54.0.2840.71 Safari/537.36',
  'accept' => 'text/html,application/xhtml+xml,application/xml;q=0.9,image/webp,*/*;q=0.8',
  'accept-encoding' => 'gzip, deflate, sdch',
  'accept-language' => 'zh-CN,zh;q=0.8',
  'cookie' => 'thinkphp_show_page_trace=0|0',
)
[ info ] [ PARAM ] array (
  'domain' => 'jx004.webok.net',
  'runTime' => '4d53m47s',
  'version' => '123',
  'totalMemory' => '134217728',
  'freeMemory' => '94449664',
  'totalHddSpace' => '67108864',
  'freeHddSpace' => '25722880',
  'buildTime' => 'Nov/06/2015 12:49:27',
  'cpu' => 'MIPS 74Kc V4.12',
  'cpuCount' => '1',
  'cpuFrequency' => '600',
  'cpuLoad' => '11',
  'boardName' => 'RB951G-2HnD',
  'onLineUserNum' => '10',
  'systemTime' => 'Nov/06/2015 12:49:27',
  'timeZone' => 'aa',
  'status' => '1',
)
[ info ] [ RUN ] app\admin\controller\RosInfo->getApi[ D:\wwwroot\rosManage\application\admin\controller\RosInfo.php ]
[ info ] [ DB ] INIT mysql
[ info ] [ LOG ] INIT File
[ sql ] [ DB ] CONNECT:[ UseTime:0.011001s ] mysql:dbname=ros_admin;host=127.0.0.1;port=3306;charset=utf8
[ sql ] [ SQL ] SHOW COLUMNS FROM `route_service` [ RunTime:0.004000s ]
[ sql ] [ SQL ] SELECT * FROM `route_service` WHERE  `domain` LIKE 'jx004.webok.net' LIMIT 1 [ RunTime:0.001000s ]

---------------------------------------------------------------
[ 2017-05-19T23:48:06+08:00 ] 127.0.0.1 127.0.0.1 GET /RosInfo/getApi?domain=jx004.webok.net&runTime=4d53m47s&version=123&totalMemory=134217728&freeMemory=94449664&totalHddSpace=67108864&freeHddSpace=25722880&buildTime=Nov/06/2015%2012:49:27&cpu=MIPS%2074Kc%20V4.12&cpuCount=1&cpuFrequency=600&cpuLoad=11&boardName=RB951G-2HnD&onLineUserNum=10&systemTime=Nov/06/2015%2012:49:27&timeZone=aa&status=1
[ log ] ros.com/RosInfo/getApi?domain=jx004.webok.net&runTime=4d53m47s&version=123&totalMemory=134217728&freeMemory=94449664&totalHddSpace=67108864&freeHddSpace=25722880&buildTime=Nov/06/2015%2012:49:27&cpu=MIPS%2074Kc%20V4.12&cpuCount=1&cpuFrequency=600&cpuLoad=11&boardName=RB951G-2HnD&onLineUserNum=10&systemTime=Nov/06/2015%2012:49:27&timeZone=aa&status=1 [运行时间：0.069004s][吞吐率：14.49req/s] [内存消耗：2,629.98kb] [文件加载：55]
[ info ] [ LANG ] D:\wwwroot\rosManage\thinkphp\lang\zh-cn.php
[ info ] [ LANG ] D:\wwwroot\rosManage\public/../application/lang\zh-cn.php
[ info ] [ BIND ] 'admin'
[ info ] [ ROUTE ] array (
  'type' => 'module',
  'module' => 
  array (
    0 => 'admin',
    1 => 'RosInfo',
    2 => 'getApi',
  ),
)
[ info ] [ HEADER ] array (
  'host' => 'ros.com',
  'connection' => 'keep-alive',
  'cache-control' => 'max-age=0',
  'upgrade-insecure-requests' => '1',
  'user-agent' => 'Mozilla/5.0 (Windows NT 6.1; WOW64) AppleWebKit/537.36 (KHTML, like Gecko) Chrome/54.0.2840.71 Safari/537.36',
  'accept' => 'text/html,application/xhtml+xml,application/xml;q=0.9,image/webp,*/*;q=0.8',
  'accept-encoding' => 'gzip, deflate, sdch',
  'accept-language' => 'zh-CN,zh;q=0.8',
  'cookie' => 'thinkphp_show_page_trace=0|0',
)
[ info ] [ PARAM ] array (
  'domain' => 'jx004.webok.net',
  'runTime' => '4d53m47s',
  'version' => '123',
  'totalMemory' => '134217728',
  'freeMemory' => '94449664',
  'totalHddSpace' => '67108864',
  'freeHddSpace' => '25722880',
  'buildTime' => 'Nov/06/2015 12:49:27',
  'cpu' => 'MIPS 74Kc V4.12',
  'cpuCount' => '1',
  'cpuFrequency' => '600',
  'cpuLoad' => '11',
  'boardName' => 'RB951G-2HnD',
  'onLineUserNum' => '10',
  'systemTime' => 'Nov/06/2015 12:49:27',
  'timeZone' => 'aa',
  'status' => '1',
)
[ info ] [ RUN ] app\admin\controller\RosInfo->getApi[ D:\wwwroot\rosManage\application\admin\controller\RosInfo.php ]
[ info ] [ DB ] INIT mysql
[ info ] [ LOG ] INIT File
[ sql ] [ DB ] CONNECT:[ UseTime:0.011000s ] mysql:dbname=ros_admin;host=127.0.0.1;port=3306;charset=utf8
[ sql ] [ SQL ] SHOW COLUMNS FROM `route_service` [ RunTime:0.004001s ]
[ sql ] [ SQL ] SELECT * FROM `route_service` WHERE  `domain` LIKE 'jx004.webok.net' LIMIT 1 [ RunTime:0.000000s ]

---------------------------------------------------------------
[ 2017-05-19T23:48:06+08:00 ] 127.0.0.1 127.0.0.1 GET /RosInfo/getApi?domain=jx004.webok.net&runTime=4d53m47s&version=123&totalMemory=134217728&freeMemory=94449664&totalHddSpace=67108864&freeHddSpace=25722880&buildTime=Nov/06/2015%2012:49:27&cpu=MIPS%2074Kc%20V4.12&cpuCount=1&cpuFrequency=600&cpuLoad=11&boardName=RB951G-2HnD&onLineUserNum=10&systemTime=Nov/06/2015%2012:49:27&timeZone=aa&status=1
[ log ] ros.com/RosInfo/getApi?domain=jx004.webok.net&runTime=4d53m47s&version=123&totalMemory=134217728&freeMemory=94449664&totalHddSpace=67108864&freeHddSpace=25722880&buildTime=Nov/06/2015%2012:49:27&cpu=MIPS%2074Kc%20V4.12&cpuCount=1&cpuFrequency=600&cpuLoad=11&boardName=RB951G-2HnD&onLineUserNum=10&systemTime=Nov/06/2015%2012:49:27&timeZone=aa&status=1 [运行时间：0.071004s][吞吐率：14.08req/s] [内存消耗：2,629.98kb] [文件加载：55]
[ info ] [ LANG ] D:\wwwroot\rosManage\thinkphp\lang\zh-cn.php
[ info ] [ LANG ] D:\wwwroot\rosManage\public/../application/lang\zh-cn.php
[ info ] [ BIND ] 'admin'
[ info ] [ ROUTE ] array (
  'type' => 'module',
  'module' => 
  array (
    0 => 'admin',
    1 => 'RosInfo',
    2 => 'getApi',
  ),
)
[ info ] [ HEADER ] array (
  'host' => 'ros.com',
  'connection' => 'keep-alive',
  'cache-control' => 'max-age=0',
  'upgrade-insecure-requests' => '1',
  'user-agent' => 'Mozilla/5.0 (Windows NT 6.1; WOW64) AppleWebKit/537.36 (KHTML, like Gecko) Chrome/54.0.2840.71 Safari/537.36',
  'accept' => 'text/html,application/xhtml+xml,application/xml;q=0.9,image/webp,*/*;q=0.8',
  'accept-encoding' => 'gzip, deflate, sdch',
  'accept-language' => 'zh-CN,zh;q=0.8',
  'cookie' => 'thinkphp_show_page_trace=0|0',
)
[ info ] [ PARAM ] array (
  'domain' => 'jx004.webok.net',
  'runTime' => '4d53m47s',
  'version' => '123',
  'totalMemory' => '134217728',
  'freeMemory' => '94449664',
  'totalHddSpace' => '67108864',
  'freeHddSpace' => '25722880',
  'buildTime' => 'Nov/06/2015 12:49:27',
  'cpu' => 'MIPS 74Kc V4.12',
  'cpuCount' => '1',
  'cpuFrequency' => '600',
  'cpuLoad' => '11',
  'boardName' => 'RB951G-2HnD',
  'onLineUserNum' => '10',
  'systemTime' => 'Nov/06/2015 12:49:27',
  'timeZone' => 'aa',
  'status' => '1',
)
[ info ] [ RUN ] app\admin\controller\RosInfo->getApi[ D:\wwwroot\rosManage\application\admin\controller\RosInfo.php ]
[ info ] [ DB ] INIT mysql
[ info ] [ LOG ] INIT File
[ sql ] [ DB ] CONNECT:[ UseTime:0.010001s ] mysql:dbname=ros_admin;host=127.0.0.1;port=3306;charset=utf8
[ sql ] [ SQL ] SHOW COLUMNS FROM `route_service` [ RunTime:0.006000s ]
[ sql ] [ SQL ] SELECT * FROM `route_service` WHERE  `domain` LIKE 'jx004.webok.net' LIMIT 1 [ RunTime:0.001000s ]

---------------------------------------------------------------
[ 2017-05-19T23:48:47+08:00 ] 127.0.0.1 127.0.0.1 GET /RosInfo/getApi?domain=jx004.webok.net&runTime=4d53m47s&version=123&totalMemory=134217728&freeMemory=94449664&totalHddSpace=67108864&freeHddSpace=25722880&buildTime=Nov/06/2015%2012:49:27&cpu=MIPS%2074Kc%20V4.12&cpuCount=1&cpuFrequency=600&cpuLoad=11&boardName=RB951G-2HnD&onLineUserNum=10&systemTime=Nov/06/2015%2012:49:27&timeZone=aa&status=1
[ log ] ros.com/RosInfo/getApi?domain=jx004.webok.net&runTime=4d53m47s&version=123&totalMemory=134217728&freeMemory=94449664&totalHddSpace=67108864&freeHddSpace=25722880&buildTime=Nov/06/2015%2012:49:27&cpu=MIPS%2074Kc%20V4.12&cpuCount=1&cpuFrequency=600&cpuLoad=11&boardName=RB951G-2HnD&onLineUserNum=10&systemTime=Nov/06/2015%2012:49:27&timeZone=aa&status=1 [运行时间：0.092005s][吞吐率：10.87req/s] [内存消耗：2,724.91kb] [文件加载：55]
[ info ] [ LANG ] D:\wwwroot\rosManage\thinkphp\lang\zh-cn.php
[ info ] [ LANG ] D:\wwwroot\rosManage\public/../application/lang\zh-cn.php
[ info ] [ BIND ] 'admin'
[ info ] [ ROUTE ] array (
  'type' => 'module',
  'module' => 
  array (
    0 => 'admin',
    1 => 'RosInfo',
    2 => 'getApi',
  ),
)
[ info ] [ HEADER ] array (
  'host' => 'ros.com',
  'connection' => 'keep-alive',
  'cache-control' => 'max-age=0',
  'upgrade-insecure-requests' => '1',
  'user-agent' => 'Mozilla/5.0 (Windows NT 6.1; WOW64) AppleWebKit/537.36 (KHTML, like Gecko) Chrome/54.0.2840.71 Safari/537.36',
  'accept' => 'text/html,application/xhtml+xml,application/xml;q=0.9,image/webp,*/*;q=0.8',
  'accept-encoding' => 'gzip, deflate, sdch',
  'accept-language' => 'zh-CN,zh;q=0.8',
  'cookie' => 'thinkphp_show_page_trace=0|0',
)
[ info ] [ PARAM ] array (
  'domain' => 'jx004.webok.net',
  'runTime' => '4d53m47s',
  'version' => '123',
  'totalMemory' => '134217728',
  'freeMemory' => '94449664',
  'totalHddSpace' => '67108864',
  'freeHddSpace' => '25722880',
  'buildTime' => 'Nov/06/2015 12:49:27',
  'cpu' => 'MIPS 74Kc V4.12',
  'cpuCount' => '1',
  'cpuFrequency' => '600',
  'cpuLoad' => '11',
  'boardName' => 'RB951G-2HnD',
  'onLineUserNum' => '10',
  'systemTime' => 'Nov/06/2015 12:49:27',
  'timeZone' => 'aa',
  'status' => '1',
)
[ info ] [ RUN ] app\admin\controller\RosInfo->getApi[ D:\wwwroot\rosManage\application\admin\controller\RosInfo.php ]
[ info ] [ DB ] INIT mysql
[ info ] [ LOG ] INIT File
[ sql ] [ DB ] CONNECT:[ UseTime:0.001000s ] mysql:dbname=ros_admin;host=127.0.0.1;port=3306;charset=utf8
[ sql ] [ SQL ] SHOW COLUMNS FROM `route_service` [ RunTime:0.005000s ]
[ sql ] [ SQL ] SELECT * FROM `route_service` [ RunTime:0.001001s ]

---------------------------------------------------------------
[ 2017-05-19T23:49:05+08:00 ] 127.0.0.1 127.0.0.1 GET /RosInfo/getApi?domain=jx004.webok.net&runTime=4d53m47s&version=123&totalMemory=134217728&freeMemory=94449664&totalHddSpace=67108864&freeHddSpace=25722880&buildTime=Nov/06/2015%2012:49:27&cpu=MIPS%2074Kc%20V4.12&cpuCount=1&cpuFrequency=600&cpuLoad=11&boardName=RB951G-2HnD&onLineUserNum=10&systemTime=Nov/06/2015%2012:49:27&timeZone=aa&status=1
[ log ] ros.com/RosInfo/getApi?domain=jx004.webok.net&runTime=4d53m47s&version=123&totalMemory=134217728&freeMemory=94449664&totalHddSpace=67108864&freeHddSpace=25722880&buildTime=Nov/06/2015%2012:49:27&cpu=MIPS%2074Kc%20V4.12&cpuCount=1&cpuFrequency=600&cpuLoad=11&boardName=RB951G-2HnD&onLineUserNum=10&systemTime=Nov/06/2015%2012:49:27&timeZone=aa&status=1 [运行时间：0.073004s][吞吐率：13.70req/s] [内存消耗：2,630.00kb] [文件加载：55]
[ info ] [ LANG ] D:\wwwroot\rosManage\thinkphp\lang\zh-cn.php
[ info ] [ LANG ] D:\wwwroot\rosManage\public/../application/lang\zh-cn.php
[ info ] [ BIND ] 'admin'
[ info ] [ ROUTE ] array (
  'type' => 'module',
  'module' => 
  array (
    0 => 'admin',
    1 => 'RosInfo',
    2 => 'getApi',
  ),
)
[ info ] [ HEADER ] array (
  'host' => 'ros.com',
  'connection' => 'keep-alive',
  'cache-control' => 'max-age=0',
  'upgrade-insecure-requests' => '1',
  'user-agent' => 'Mozilla/5.0 (Windows NT 6.1; WOW64) AppleWebKit/537.36 (KHTML, like Gecko) Chrome/54.0.2840.71 Safari/537.36',
  'accept' => 'text/html,application/xhtml+xml,application/xml;q=0.9,image/webp,*/*;q=0.8',
  'accept-encoding' => 'gzip, deflate, sdch',
  'accept-language' => 'zh-CN,zh;q=0.8',
  'cookie' => 'thinkphp_show_page_trace=0|0',
)
[ info ] [ PARAM ] array (
  'domain' => 'jx004.webok.net',
  'runTime' => '4d53m47s',
  'version' => '123',
  'totalMemory' => '134217728',
  'freeMemory' => '94449664',
  'totalHddSpace' => '67108864',
  'freeHddSpace' => '25722880',
  'buildTime' => 'Nov/06/2015 12:49:27',
  'cpu' => 'MIPS 74Kc V4.12',
  'cpuCount' => '1',
  'cpuFrequency' => '600',
  'cpuLoad' => '11',
  'boardName' => 'RB951G-2HnD',
  'onLineUserNum' => '10',
  'systemTime' => 'Nov/06/2015 12:49:27',
  'timeZone' => 'aa',
  'status' => '1',
)
[ info ] [ RUN ] app\admin\controller\RosInfo->getApi[ D:\wwwroot\rosManage\application\admin\controller\RosInfo.php ]
[ info ] [ DB ] INIT mysql
[ info ] [ LOG ] INIT File
[ sql ] [ DB ] CONNECT:[ UseTime:0.010000s ] mysql:dbname=ros_admin;host=127.0.0.1;port=3306;charset=utf8
[ sql ] [ SQL ] SHOW COLUMNS FROM `route_service` [ RunTime:0.005001s ]
[ sql ] [ SQL ] SELECT * FROM `route_service` WHERE  `domain` LIKE 'jx004.webok.net' LIMIT 1 [ RunTime:0.001000s ]

---------------------------------------------------------------
[ 2017-05-19T23:49:12+08:00 ] 127.0.0.1 127.0.0.1 GET /RosInfo/getApi?domain=jx004.webok.net&runTime=4d53m47s&version=123&totalMemory=134217728&freeMemory=94449664&totalHddSpace=67108864&freeHddSpace=25722880&buildTime=Nov/06/2015%2012:49:27&cpu=MIPS%2074Kc%20V4.12&cpuCount=1&cpuFrequency=600&cpuLoad=11&boardName=RB951G-2HnD&onLineUserNum=10&systemTime=Nov/06/2015%2012:49:27&timeZone=aa&status=1
[ log ] ros.com/RosInfo/getApi?domain=jx004.webok.net&runTime=4d53m47s&version=123&totalMemory=134217728&freeMemory=94449664&totalHddSpace=67108864&freeHddSpace=25722880&buildTime=Nov/06/2015%2012:49:27&cpu=MIPS%2074Kc%20V4.12&cpuCount=1&cpuFrequency=600&cpuLoad=11&boardName=RB951G-2HnD&onLineUserNum=10&systemTime=Nov/06/2015%2012:49:27&timeZone=aa&status=1 [运行时间：0.074004s][吞吐率：13.51req/s] [内存消耗：2,631.33kb] [文件加载：55]
[ info ] [ LANG ] D:\wwwroot\rosManage\thinkphp\lang\zh-cn.php
[ info ] [ LANG ] D:\wwwroot\rosManage\public/../application/lang\zh-cn.php
[ info ] [ BIND ] 'admin'
[ info ] [ ROUTE ] array (
  'type' => 'module',
  'module' => 
  array (
    0 => 'admin',
    1 => 'RosInfo',
    2 => 'getApi',
  ),
)
[ info ] [ HEADER ] array (
  'host' => 'ros.com',
  'connection' => 'keep-alive',
  'cache-control' => 'max-age=0',
  'upgrade-insecure-requests' => '1',
  'user-agent' => 'Mozilla/5.0 (Windows NT 6.1; WOW64) AppleWebKit/537.36 (KHTML, like Gecko) Chrome/54.0.2840.71 Safari/537.36',
  'accept' => 'text/html,application/xhtml+xml,application/xml;q=0.9,image/webp,*/*;q=0.8',
  'accept-encoding' => 'gzip, deflate, sdch',
  'accept-language' => 'zh-CN,zh;q=0.8',
  'cookie' => 'thinkphp_show_page_trace=0|0',
)
[ info ] [ PARAM ] array (
  'domain' => 'jx004.webok.net',
  'runTime' => '4d53m47s',
  'version' => '123',
  'totalMemory' => '134217728',
  'freeMemory' => '94449664',
  'totalHddSpace' => '67108864',
  'freeHddSpace' => '25722880',
  'buildTime' => 'Nov/06/2015 12:49:27',
  'cpu' => 'MIPS 74Kc V4.12',
  'cpuCount' => '1',
  'cpuFrequency' => '600',
  'cpuLoad' => '11',
  'boardName' => 'RB951G-2HnD',
  'onLineUserNum' => '10',
  'systemTime' => 'Nov/06/2015 12:49:27',
  'timeZone' => 'aa',
  'status' => '1',
)
[ info ] [ RUN ] app\admin\controller\RosInfo->getApi[ D:\wwwroot\rosManage\application\admin\controller\RosInfo.php ]
[ info ] [ DB ] INIT mysql
[ info ] [ LOG ] INIT File
[ sql ] [ DB ] CONNECT:[ UseTime:0.002000s ] mysql:dbname=ros_admin;host=127.0.0.1;port=3306;charset=utf8
[ sql ] [ SQL ] SHOW COLUMNS FROM `route_service` [ RunTime:0.004001s ]
[ sql ] [ SQL ] SELECT * FROM `route_service` WHERE  `domain` LIKE 'jx004.webok.net' OR `by_domain` LIKE '%jx004.webok.net%' LIMIT 1 [ RunTime:0.001000s ]

---------------------------------------------------------------
[ 2017-05-19T23:49:26+08:00 ] 127.0.0.1 127.0.0.1 GET /RosInfo/getApi?domain=jx004.webok.net&runTime=4d53m47s&version=123&totalMemory=134217728&freeMemory=94449664&totalHddSpace=67108864&freeHddSpace=25722880&buildTime=Nov/06/2015%2012:49:27&cpu=MIPS%2074Kc%20V4.12&cpuCount=1&cpuFrequency=600&cpuLoad=11&boardName=RB951G-2HnD&onLineUserNum=10&systemTime=Nov/06/2015%2012:49:27&timeZone=aa&status=1
[ log ] ros.com/RosInfo/getApi?domain=jx004.webok.net&runTime=4d53m47s&version=123&totalMemory=134217728&freeMemory=94449664&totalHddSpace=67108864&freeHddSpace=25722880&buildTime=Nov/06/2015%2012:49:27&cpu=MIPS%2074Kc%20V4.12&cpuCount=1&cpuFrequency=600&cpuLoad=11&boardName=RB951G-2HnD&onLineUserNum=10&systemTime=Nov/06/2015%2012:49:27&timeZone=aa&status=1 [运行时间：0.065004s][吞吐率：15.38req/s] [内存消耗：2,627.77kb] [文件加载：55]
[ info ] [ LANG ] D:\wwwroot\rosManage\thinkphp\lang\zh-cn.php
[ info ] [ LANG ] D:\wwwroot\rosManage\public/../application/lang\zh-cn.php
[ info ] [ BIND ] 'admin'
[ info ] [ ROUTE ] array (
  'type' => 'module',
  'module' => 
  array (
    0 => 'admin',
    1 => 'RosInfo',
    2 => 'getApi',
  ),
)
[ info ] [ HEADER ] array (
  'host' => 'ros.com',
  'connection' => 'keep-alive',
  'cache-control' => 'max-age=0',
  'upgrade-insecure-requests' => '1',
  'user-agent' => 'Mozilla/5.0 (Windows NT 6.1; WOW64) AppleWebKit/537.36 (KHTML, like Gecko) Chrome/54.0.2840.71 Safari/537.36',
  'accept' => 'text/html,application/xhtml+xml,application/xml;q=0.9,image/webp,*/*;q=0.8',
  'accept-encoding' => 'gzip, deflate, sdch',
  'accept-language' => 'zh-CN,zh;q=0.8',
  'cookie' => 'thinkphp_show_page_trace=0|0',
)
[ info ] [ PARAM ] array (
  'domain' => 'jx004.webok.net',
  'runTime' => '4d53m47s',
  'version' => '123',
  'totalMemory' => '134217728',
  'freeMemory' => '94449664',
  'totalHddSpace' => '67108864',
  'freeHddSpace' => '25722880',
  'buildTime' => 'Nov/06/2015 12:49:27',
  'cpu' => 'MIPS 74Kc V4.12',
  'cpuCount' => '1',
  'cpuFrequency' => '600',
  'cpuLoad' => '11',
  'boardName' => 'RB951G-2HnD',
  'onLineUserNum' => '10',
  'systemTime' => 'Nov/06/2015 12:49:27',
  'timeZone' => 'aa',
  'status' => '1',
)
[ info ] [ RUN ] app\admin\controller\RosInfo->getApi[ D:\wwwroot\rosManage\application\admin\controller\RosInfo.php ]
[ info ] [ DB ] INIT mysql
[ info ] [ LOG ] INIT File
[ sql ] [ DB ] CONNECT:[ UseTime:0.001000s ] mysql:dbname=ros_admin;host=127.0.0.1;port=3306;charset=utf8
[ sql ] [ SQL ] SHOW COLUMNS FROM `route_service` [ RunTime:0.004000s ]
[ sql ] [ SQL ] SELECT * FROM `route_service` WHERE  `domain` LIKE 'jx004.webok.net' OR `by_domain` LIKE '%jx004.webok.net%' LIMIT 1 [ RunTime:0.001000s ]

---------------------------------------------------------------
[ 2017-05-19T23:49:35+08:00 ] 127.0.0.1 127.0.0.1 GET /RosInfo/getApi?domain=jx004.webok.net&runTime=4d53m47s&version=123&totalMemory=134217728&freeMemory=94449664&totalHddSpace=67108864&freeHddSpace=25722880&buildTime=Nov/06/2015%2012:49:27&cpu=MIPS%2074Kc%20V4.12&cpuCount=1&cpuFrequency=600&cpuLoad=11&boardName=RB951G-2HnD&onLineUserNum=10&systemTime=Nov/06/2015%2012:49:27&timeZone=aa&status=1
[ log ] ros.com/RosInfo/getApi?domain=jx004.webok.net&runTime=4d53m47s&version=123&totalMemory=134217728&freeMemory=94449664&totalHddSpace=67108864&freeHddSpace=25722880&buildTime=Nov/06/2015%2012:49:27&cpu=MIPS%2074Kc%20V4.12&cpuCount=1&cpuFrequency=600&cpuLoad=11&boardName=RB951G-2HnD&onLineUserNum=10&systemTime=Nov/06/2015%2012:49:27&timeZone=aa&status=1 [运行时间：0.167010s][吞吐率：5.99req/s] [内存消耗：2,784.85kb] [文件加载：62]
[ info ] [ LANG ] D:\wwwroot\rosManage\thinkphp\lang\zh-cn.php
[ info ] [ LANG ] D:\wwwroot\rosManage\public/../application/lang\zh-cn.php
[ info ] [ BIND ] 'admin'
[ info ] [ ROUTE ] array (
  'type' => 'module',
  'module' => 
  array (
    0 => 'admin',
    1 => 'RosInfo',
    2 => 'getApi',
  ),
)
[ info ] [ HEADER ] array (
  'host' => 'ros.com',
  'connection' => 'keep-alive',
  'cache-control' => 'max-age=0',
  'upgrade-insecure-requests' => '1',
  'user-agent' => 'Mozilla/5.0 (Windows NT 6.1; WOW64) AppleWebKit/537.36 (KHTML, like Gecko) Chrome/54.0.2840.71 Safari/537.36',
  'accept' => 'text/html,application/xhtml+xml,application/xml;q=0.9,image/webp,*/*;q=0.8',
  'accept-encoding' => 'gzip, deflate, sdch',
  'accept-language' => 'zh-CN,zh;q=0.8',
  'cookie' => 'thinkphp_show_page_trace=0|0',
)
[ info ] [ PARAM ] array (
  'domain' => 'jx004.webok.net',
  'runTime' => '4d53m47s',
  'version' => '123',
  'totalMemory' => '134217728',
  'freeMemory' => '94449664',
  'totalHddSpace' => '67108864',
  'freeHddSpace' => '25722880',
  'buildTime' => 'Nov/06/2015 12:49:27',
  'cpu' => 'MIPS 74Kc V4.12',
  'cpuCount' => '1',
  'cpuFrequency' => '600',
  'cpuLoad' => '11',
  'boardName' => 'RB951G-2HnD',
  'onLineUserNum' => '10',
  'systemTime' => 'Nov/06/2015 12:49:27',
  'timeZone' => 'aa',
  'status' => '1',
)
[ info ] [ RUN ] app\admin\controller\RosInfo->getApi[ D:\wwwroot\rosManage\application\admin\controller\RosInfo.php ]
[ info ] [ DB ] INIT mysql
[ info ] [ LOG ] INIT File
[ sql ] [ DB ] CONNECT:[ UseTime:0.002001s ] mysql:dbname=ros_admin;host=127.0.0.1;port=3306;charset=utf8
[ sql ] [ SQL ] SHOW COLUMNS FROM `route_service` [ RunTime:0.005000s ]
[ sql ] [ SQL ] SELECT * FROM `route_service` WHERE  `domain` LIKE 'jx004.webok.net' OR `by_domain` LIKE '%jx004.webok.net%' LIMIT 1 [ RunTime:0.001000s ]
[ sql ] [ SQL ] SHOW COLUMNS FROM `server_info` [ RunTime:0.004000s ]
[ sql ] [ SQL ] SELECT * FROM `server_info` WHERE  `server_id` = 22 LIMIT 1 [ RunTime:0.002000s ]
[ sql ] [ SQL ] INSERT INTO `server_info` (`runTime` , `version` , `totalMemory` , `freeMemory` , `totalHddSpace` , `freeHddSpace` , `buildTime` , `cpu` , `cpuCount` , `cpuFrequency` , `cpuLoad` , `boardName` , `onLineUserNum` , `systemTime` , `timeZone` , `status` , `server_id`) VALUES ('4d53m47s' , '123' , '134217728' , '94449664' , '67108864' , '25722880' , 'Nov/06/2015 12:49:27' , 'MIPS 74Kc V4.12' , '1' , '600' , '11' , 'RB951G-2HnD' , '10' , 'Nov/06/2015 12:49:27' , 'aa' , 1 , 22) [ RunTime:0.081005s ]
[ error ] [0]variable type error： array[D:\wwwroot\rosManage\thinkphp\library\think\Response.php:312]

---------------------------------------------------------------
[ 2017-05-19T23:50:44+08:00 ] 127.0.0.1 127.0.0.1 GET /RosInfo/getApi?domain=jx004.webok.net&runTime=4d53m47s&version=123&totalMemory=134217728&freeMemory=94449664&totalHddSpace=67108864&freeHddSpace=25722880&buildTime=Nov/06/2015%2012:49:27&cpu=MIPS%2074Kc%20V4.12&cpuCount=1&cpuFrequency=600&cpuLoad=11&boardName=RB951G-2HnD&onLineUserNum=10&systemTime=Nov/06/2015%2012:49:27&timeZone=aa&status=1
[ log ] ros.com/RosInfo/getApi?domain=jx004.webok.net&runTime=4d53m47s&version=123&totalMemory=134217728&freeMemory=94449664&totalHddSpace=67108864&freeHddSpace=25722880&buildTime=Nov/06/2015%2012:49:27&cpu=MIPS%2074Kc%20V4.12&cpuCount=1&cpuFrequency=600&cpuLoad=11&boardName=RB951G-2HnD&onLineUserNum=10&systemTime=Nov/06/2015%2012:49:27&timeZone=aa&status=1 [运行时间：0.074005s][吞吐率：13.51req/s] [内存消耗：2,636.58kb] [文件加载：55]
[ info ] [ LANG ] D:\wwwroot\rosManage\thinkphp\lang\zh-cn.php
[ info ] [ LANG ] D:\wwwroot\rosManage\public/../application/lang\zh-cn.php
[ info ] [ BIND ] 'admin'
[ info ] [ ROUTE ] array (
  'type' => 'module',
  'module' => 
  array (
    0 => 'admin',
    1 => 'RosInfo',
    2 => 'getApi',
  ),
)
[ info ] [ HEADER ] array (
  'host' => 'ros.com',
  'connection' => 'keep-alive',
  'cache-control' => 'max-age=0',
  'upgrade-insecure-requests' => '1',
  'user-agent' => 'Mozilla/5.0 (Windows NT 6.1; WOW64) AppleWebKit/537.36 (KHTML, like Gecko) Chrome/54.0.2840.71 Safari/537.36',
  'accept' => 'text/html,application/xhtml+xml,application/xml;q=0.9,image/webp,*/*;q=0.8',
  'accept-encoding' => 'gzip, deflate, sdch',
  'accept-language' => 'zh-CN,zh;q=0.8',
  'cookie' => 'thinkphp_show_page_trace=0|0',
)
[ info ] [ PARAM ] array (
  'domain' => 'jx004.webok.net',
  'runTime' => '4d53m47s',
  'version' => '123',
  'totalMemory' => '134217728',
  'freeMemory' => '94449664',
  'totalHddSpace' => '67108864',
  'freeHddSpace' => '25722880',
  'buildTime' => 'Nov/06/2015 12:49:27',
  'cpu' => 'MIPS 74Kc V4.12',
  'cpuCount' => '1',
  'cpuFrequency' => '600',
  'cpuLoad' => '11',
  'boardName' => 'RB951G-2HnD',
  'onLineUserNum' => '10',
  'systemTime' => 'Nov/06/2015 12:49:27',
  'timeZone' => 'aa',
  'status' => '1',
)
[ info ] [ RUN ] app\admin\controller\RosInfo->getApi[ D:\wwwroot\rosManage\application\admin\controller\RosInfo.php ]
[ info ] [ DB ] INIT mysql
[ info ] [ LOG ] INIT File
[ sql ] [ DB ] CONNECT:[ UseTime:0.002000s ] mysql:dbname=ros_admin;host=127.0.0.1;port=3306;charset=utf8
[ sql ] [ SQL ] SHOW COLUMNS FROM `route_service` [ RunTime:0.004000s ]
[ sql ] [ SQL ] SELECT * FROM `route_service` WHERE  `domain` LIKE 'jx004.webok.net' OR `by_domain` LIKE '%jx004.webok.net%' LIMIT 1 [ RunTime:0.001000s ]
[ sql ] [ SQL ] SHOW COLUMNS FROM `server_info` [ RunTime:0.005000s ]
[ sql ] [ SQL ] SELECT * FROM `server_info` WHERE  `server_id` = 22 LIMIT 1 [ RunTime:0.001000s ]

---------------------------------------------------------------
[ 2017-05-19T23:51:26+08:00 ] 127.0.0.1 127.0.0.1 GET /RosInfo/getApi?domain=jx004.webok.net&runTime=4d53m47s&version=123&totalMemory=134217728&freeMemory=94449664&totalHddSpace=67108864&freeHddSpace=25722880&buildTime=Nov/06/2015%2012:49:27&cpu=MIPS%2074Kc%20V4.12&cpuCount=1&cpuFrequency=600&cpuLoad=11&boardName=RB951G-2HnD&onLineUserNum=10&systemTime=Nov/06/2015%2012:49:27&timeZone=aa&status=1
[ log ] ros.com/RosInfo/getApi?domain=jx004.webok.net&runTime=4d53m47s&version=123&totalMemory=134217728&freeMemory=94449664&totalHddSpace=67108864&freeHddSpace=25722880&buildTime=Nov/06/2015%2012:49:27&cpu=MIPS%2074Kc%20V4.12&cpuCount=1&cpuFrequency=600&cpuLoad=11&boardName=RB951G-2HnD&onLineUserNum=10&systemTime=Nov/06/2015%2012:49:27&timeZone=aa&status=1 [运行时间：0.255014s][吞吐率：3.92req/s] [内存消耗：2,722.70kb] [文件加载：58]
[ info ] [ LANG ] D:\wwwroot\rosManage\thinkphp\lang\zh-cn.php
[ info ] [ LANG ] D:\wwwroot\rosManage\public/../application/lang\zh-cn.php
[ info ] [ BIND ] 'admin'
[ info ] [ ROUTE ] array (
  'type' => 'module',
  'module' => 
  array (
    0 => 'admin',
    1 => 'RosInfo',
    2 => 'getApi',
  ),
)
[ info ] [ HEADER ] array (
  'host' => 'ros.com',
  'connection' => 'keep-alive',
  'cache-control' => 'max-age=0',
  'upgrade-insecure-requests' => '1',
  'user-agent' => 'Mozilla/5.0 (Windows NT 6.1; WOW64) AppleWebKit/537.36 (KHTML, like Gecko) Chrome/54.0.2840.71 Safari/537.36',
  'accept' => 'text/html,application/xhtml+xml,application/xml;q=0.9,image/webp,*/*;q=0.8',
  'accept-encoding' => 'gzip, deflate, sdch',
  'accept-language' => 'zh-CN,zh;q=0.8',
  'cookie' => 'thinkphp_show_page_trace=0|0',
)
[ info ] [ PARAM ] array (
  'domain' => 'jx004.webok.net',
  'runTime' => '4d53m47s',
  'version' => '123',
  'totalMemory' => '134217728',
  'freeMemory' => '94449664',
  'totalHddSpace' => '67108864',
  'freeHddSpace' => '25722880',
  'buildTime' => 'Nov/06/2015 12:49:27',
  'cpu' => 'MIPS 74Kc V4.12',
  'cpuCount' => '1',
  'cpuFrequency' => '600',
  'cpuLoad' => '11',
  'boardName' => 'RB951G-2HnD',
  'onLineUserNum' => '10',
  'systemTime' => 'Nov/06/2015 12:49:27',
  'timeZone' => 'aa',
  'status' => '1',
)
[ info ] [ RUN ] app\admin\controller\RosInfo->getApi[ D:\wwwroot\rosManage\application\admin\controller\RosInfo.php ]
[ info ] [ DB ] INIT mysql
[ info ] [ CACHE ] INIT File
[ info ] [ LOG ] INIT File
[ sql ] [ DB ] CONNECT:[ UseTime:0.011001s ] mysql:dbname=ros_admin;host=127.0.0.1;port=3306;charset=utf8
[ sql ] [ SQL ] SHOW COLUMNS FROM `route_service` [ RunTime:0.005000s ]
[ sql ] [ SQL ] SELECT * FROM `route_service` WHERE  `domain` LIKE 'jx004.webok.net' OR `by_domain` LIKE '%jx004.webok.net%' LIMIT 1 [ RunTime:0.000000s ]
[ sql ] [ SQL ] SHOW COLUMNS FROM `server_info` [ RunTime:0.005000s ]
[ sql ] [ SQL ] SELECT * FROM `server_info` WHERE  `server_id` = 22 LIMIT 1 [ RunTime:0.001000s ]
[ sql ] [ SQL ] UPDATE `server_info`  SET `runTime`='4d53m47s',`version`='123',`totalMemory`='134217728',`freeMemory`='94449664',`totalHddSpace`='67108864',`freeHddSpace`='25722880',`buildTime`='Nov/06/2015 12:49:27',`cpu`='MIPS 74Kc V4.12',`cpuCount`='1',`cpuFrequency`='600',`cpuLoad`='11',`boardName`='RB951G-2HnD',`onLineUserNum`='10',`systemTime`='Nov/06/2015 12:49:27',`timeZone`='aa',`status`=1  WHERE  `server_id` = 22 [ RunTime:0.074004s ]

---------------------------------------------------------------
[ 2017-05-19T23:51:48+08:00 ] 127.0.0.1 127.0.0.1 GET /RosInfo/getApi?domain=jx004.webok.net&runTime=4d53m47s&version=123&totalMemory=134217728&freeMemory=94449664&totalHddSpace=67108864&freeHddSpace=25722880&buildTime=Nov/06/2015%2012:49:27&cpu=MIPS%2074Kc%20V4.12&cpuCount=1&cpuFrequency=600&cpuLoad=11&boardName=RB951G-2HnD&onLineUserNum=10&systemTime=Nov/06/2015%2012:49:27&timeZone=aa&status=1
[ log ] ros.com/RosInfo/getApi?domain=jx004.webok.net&runTime=4d53m47s&version=123&totalMemory=134217728&freeMemory=94449664&totalHddSpace=67108864&freeHddSpace=25722880&buildTime=Nov/06/2015%2012:49:27&cpu=MIPS%2074Kc%20V4.12&cpuCount=1&cpuFrequency=600&cpuLoad=11&boardName=RB951G-2HnD&onLineUserNum=10&systemTime=Nov/06/2015%2012:49:27&timeZone=aa&status=1 [运行时间：0.151009s][吞吐率：6.62req/s] [内存消耗：2,840.36kb] [文件加载：64]
[ info ] [ LANG ] D:\wwwroot\rosManage\thinkphp\lang\zh-cn.php
[ info ] [ LANG ] D:\wwwroot\rosManage\public/../application/lang\zh-cn.php
[ info ] [ BIND ] 'admin'
[ info ] [ ROUTE ] array (
  'type' => 'module',
  'module' => 
  array (
    0 => 'admin',
    1 => 'RosInfo',
    2 => 'getApi',
  ),
)
[ info ] [ HEADER ] array (
  'host' => 'ros.com',
  'connection' => 'keep-alive',
  'cache-control' => 'max-age=0',
  'upgrade-insecure-requests' => '1',
  'user-agent' => 'Mozilla/5.0 (Windows NT 6.1; WOW64) AppleWebKit/537.36 (KHTML, like Gecko) Chrome/54.0.2840.71 Safari/537.36',
  'accept' => 'text/html,application/xhtml+xml,application/xml;q=0.9,image/webp,*/*;q=0.8',
  'accept-encoding' => 'gzip, deflate, sdch',
  'accept-language' => 'zh-CN,zh;q=0.8',
  'cookie' => 'thinkphp_show_page_trace=0|0',
)
[ info ] [ PARAM ] array (
  'domain' => 'jx004.webok.net',
  'runTime' => '4d53m47s',
  'version' => '123',
  'totalMemory' => '134217728',
  'freeMemory' => '94449664',
  'totalHddSpace' => '67108864',
  'freeHddSpace' => '25722880',
  'buildTime' => 'Nov/06/2015 12:49:27',
  'cpu' => 'MIPS 74Kc V4.12',
  'cpuCount' => '1',
  'cpuFrequency' => '600',
  'cpuLoad' => '11',
  'boardName' => 'RB951G-2HnD',
  'onLineUserNum' => '10',
  'systemTime' => 'Nov/06/2015 12:49:27',
  'timeZone' => 'aa',
  'status' => '1',
)
[ info ] [ RUN ] app\admin\controller\RosInfo->getApi[ D:\wwwroot\rosManage\application\admin\controller\RosInfo.php ]
[ info ] [ DB ] INIT mysql
[ info ] [ CACHE ] INIT File
[ info ] [ LOG ] INIT File
[ sql ] [ DB ] CONNECT:[ UseTime:0.010001s ] mysql:dbname=ros_admin;host=127.0.0.1;port=3306;charset=utf8
[ sql ] [ SQL ] SHOW COLUMNS FROM `route_service` [ RunTime:0.004000s ]
[ sql ] [ SQL ] SELECT * FROM `route_service` WHERE  `domain` LIKE 'jx004.webok.net' OR `by_domain` LIKE '%jx004.webok.net%' LIMIT 1 [ RunTime:0.001000s ]
[ sql ] [ SQL ] SHOW COLUMNS FROM `server_info` [ RunTime:0.004001s ]
[ sql ] [ SQL ] SELECT * FROM `server_info` WHERE  `server_id` = 22 LIMIT 1 [ RunTime:0.001000s ]
[ sql ] [ SQL ] UPDATE `server_info`  SET `runTime`='4d53m47s',`version`='123',`totalMemory`='134217728',`freeMemory`='94449664',`totalHddSpace`='67108864',`freeHddSpace`='25722880',`buildTime`='Nov/06/2015 12:49:27',`cpu`='MIPS 74Kc V4.12',`cpuCount`='1',`cpuFrequency`='600',`cpuLoad`='11',`boardName`='RB951G-2HnD',`onLineUserNum`='10',`systemTime`='Nov/06/2015 12:49:27',`timeZone`='aa',`status`=1  WHERE  `server_id` = 22 [ RunTime:0.056003s ]
[ error ] [0]variable type error： array[D:\wwwroot\rosManage\thinkphp\library\think\Response.php:312]

---------------------------------------------------------------
[ 2017-05-19T23:54:11+08:00 ] 127.0.0.1 127.0.0.1 GET /RosInfo/getApi?domain=jx004.webok.net&runTime=4d53m47s&version=123&totalMemory=134217728&freeMemory=94449664&totalHddSpace=67108864&freeHddSpace=25722880&buildTime=Nov/06/2015%2012:49:27&cpu=MIPS%2074Kc%20V4.12&cpuCount=1&cpuFrequency=600&cpuLoad=11&boardName=RB951G-2HnD&onLineUserNum=10&systemTime=Nov/06/2015%2012:49:27&timeZone=aa&status=1
[ log ] ros.com/RosInfo/getApi?domain=jx004.webok.net&runTime=4d53m47s&version=123&totalMemory=134217728&freeMemory=94449664&totalHddSpace=67108864&freeHddSpace=25722880&buildTime=Nov/06/2015%2012:49:27&cpu=MIPS%2074Kc%20V4.12&cpuCount=1&cpuFrequency=600&cpuLoad=11&boardName=RB951G-2HnD&onLineUserNum=10&systemTime=Nov/06/2015%2012:49:27&timeZone=aa&status=1 [运行时间：0.143008s][吞吐率：6.99req/s] [内存消耗：2,722.39kb] [文件加载：58]
[ info ] [ LANG ] D:\wwwroot\rosManage\thinkphp\lang\zh-cn.php
[ info ] [ LANG ] D:\wwwroot\rosManage\public/../application/lang\zh-cn.php
[ info ] [ BIND ] 'admin'
[ info ] [ ROUTE ] array (
  'type' => 'module',
  'module' => 
  array (
    0 => 'admin',
    1 => 'RosInfo',
    2 => 'getApi',
  ),
)
[ info ] [ HEADER ] array (
  'host' => 'ros.com',
  'connection' => 'keep-alive',
  'cache-control' => 'max-age=0',
  'upgrade-insecure-requests' => '1',
  'user-agent' => 'Mozilla/5.0 (Windows NT 6.1; WOW64) AppleWebKit/537.36 (KHTML, like Gecko) Chrome/54.0.2840.71 Safari/537.36',
  'accept' => 'text/html,application/xhtml+xml,application/xml;q=0.9,image/webp,*/*;q=0.8',
  'accept-encoding' => 'gzip, deflate, sdch',
  'accept-language' => 'zh-CN,zh;q=0.8',
  'cookie' => 'thinkphp_show_page_trace=0|0',
)
[ info ] [ PARAM ] array (
  'domain' => 'jx004.webok.net',
  'runTime' => '4d53m47s',
  'version' => '123',
  'totalMemory' => '134217728',
  'freeMemory' => '94449664',
  'totalHddSpace' => '67108864',
  'freeHddSpace' => '25722880',
  'buildTime' => 'Nov/06/2015 12:49:27',
  'cpu' => 'MIPS 74Kc V4.12',
  'cpuCount' => '1',
  'cpuFrequency' => '600',
  'cpuLoad' => '11',
  'boardName' => 'RB951G-2HnD',
  'onLineUserNum' => '10',
  'systemTime' => 'Nov/06/2015 12:49:27',
  'timeZone' => 'aa',
  'status' => '1',
)
[ info ] [ RUN ] app\admin\controller\RosInfo->getApi[ D:\wwwroot\rosManage\application\admin\controller\RosInfo.php ]
[ info ] [ DB ] INIT mysql
[ info ] [ CACHE ] INIT File
[ info ] [ LOG ] INIT File
[ sql ] [ DB ] CONNECT:[ UseTime:0.001000s ] mysql:dbname=ros_admin;host=127.0.0.1;port=3306;charset=utf8
[ sql ] [ SQL ] SHOW COLUMNS FROM `route_service` [ RunTime:0.004000s ]
[ sql ] [ SQL ] SELECT * FROM `route_service` WHERE  `domain` LIKE 'jx004.webok.net' OR `by_domain` LIKE '%jx004.webok.net%' LIMIT 1 [ RunTime:0.001000s ]
[ sql ] [ SQL ] SHOW COLUMNS FROM `server_info` [ RunTime:0.007001s ]
[ sql ] [ SQL ] SELECT * FROM `server_info` WHERE  `server_id` = 22 LIMIT 1 [ RunTime:0.001000s ]
[ sql ] [ SQL ] UPDATE `server_info`  SET `runTime`='4d53m47s',`version`='123',`totalMemory`='134217728',`freeMemory`='94449664',`totalHddSpace`='67108864',`freeHddSpace`='25722880',`buildTime`='Nov/06/2015 12:49:27',`cpu`='MIPS 74Kc V4.12',`cpuCount`='1',`cpuFrequency`='600',`cpuLoad`='11',`boardName`='RB951G-2HnD',`onLineUserNum`='10',`systemTime`='Nov/06/2015 12:49:27',`timeZone`='aa',`status`=1  WHERE  `server_id` = 22 [ RunTime:0.052003s ]

---------------------------------------------------------------
[ 2017-05-19T23:54:19+08:00 ] 127.0.0.1 127.0.0.1 GET /RosInfo/getApi?domain=jx004.webok.net&runTime=4d53m47s&version=123&totalMemory=134217728&freeMemory=94449664&totalHddSpace=67108864&freeHddSpace=25722880&buildTime=Nov/06/2015%2012:49:27&cpu=MIPS%2074Kc%20V4.12&cpuCount=1&cpuFrequency=600&cpuLoad=11&boardName=RB951G-2HnD&onLineUserNum=10&systemTime=Nov/06/2015%2012:49:27&timeZone=aa&status=1
[ log ] ros.com/RosInfo/getApi?domain=jx004.webok.net&runTime=4d53m47s&version=123&totalMemory=134217728&freeMemory=94449664&totalHddSpace=67108864&freeHddSpace=25722880&buildTime=Nov/06/2015%2012:49:27&cpu=MIPS%2074Kc%20V4.12&cpuCount=1&cpuFrequency=600&cpuLoad=11&boardName=RB951G-2HnD&onLineUserNum=10&systemTime=Nov/06/2015%2012:49:27&timeZone=aa&status=1 [运行时间：0.135007s][吞吐率：7.41req/s] [内存消耗：2,840.37kb] [文件加载：64]
[ info ] [ LANG ] D:\wwwroot\rosManage\thinkphp\lang\zh-cn.php
[ info ] [ LANG ] D:\wwwroot\rosManage\public/../application/lang\zh-cn.php
[ info ] [ BIND ] 'admin'
[ info ] [ ROUTE ] array (
  'type' => 'module',
  'module' => 
  array (
    0 => 'admin',
    1 => 'RosInfo',
    2 => 'getApi',
  ),
)
[ info ] [ HEADER ] array (
  'host' => 'ros.com',
  'connection' => 'keep-alive',
  'cache-control' => 'max-age=0',
  'upgrade-insecure-requests' => '1',
  'user-agent' => 'Mozilla/5.0 (Windows NT 6.1; WOW64) AppleWebKit/537.36 (KHTML, like Gecko) Chrome/54.0.2840.71 Safari/537.36',
  'accept' => 'text/html,application/xhtml+xml,application/xml;q=0.9,image/webp,*/*;q=0.8',
  'accept-encoding' => 'gzip, deflate, sdch',
  'accept-language' => 'zh-CN,zh;q=0.8',
  'cookie' => 'thinkphp_show_page_trace=0|0',
)
[ info ] [ PARAM ] array (
  'domain' => 'jx004.webok.net',
  'runTime' => '4d53m47s',
  'version' => '123',
  'totalMemory' => '134217728',
  'freeMemory' => '94449664',
  'totalHddSpace' => '67108864',
  'freeHddSpace' => '25722880',
  'buildTime' => 'Nov/06/2015 12:49:27',
  'cpu' => 'MIPS 74Kc V4.12',
  'cpuCount' => '1',
  'cpuFrequency' => '600',
  'cpuLoad' => '11',
  'boardName' => 'RB951G-2HnD',
  'onLineUserNum' => '10',
  'systemTime' => 'Nov/06/2015 12:49:27',
  'timeZone' => 'aa',
  'status' => '1',
)
[ info ] [ RUN ] app\admin\controller\RosInfo->getApi[ D:\wwwroot\rosManage\application\admin\controller\RosInfo.php ]
[ info ] [ DB ] INIT mysql
[ info ] [ CACHE ] INIT File
[ info ] [ LOG ] INIT File
[ sql ] [ DB ] CONNECT:[ UseTime:0.001000s ] mysql:dbname=ros_admin;host=127.0.0.1;port=3306;charset=utf8
[ sql ] [ SQL ] SHOW COLUMNS FROM `route_service` [ RunTime:0.004000s ]
[ sql ] [ SQL ] SELECT * FROM `route_service` WHERE  `domain` LIKE 'jx004.webok.net' OR `by_domain` LIKE '%jx004.webok.net%' LIMIT 1 [ RunTime:0.001000s ]
[ sql ] [ SQL ] SHOW COLUMNS FROM `server_info` [ RunTime:0.004001s ]
[ sql ] [ SQL ] SELECT * FROM `server_info` WHERE  `server_id` = 22 LIMIT 1 [ RunTime:0.001000s ]
[ sql ] [ SQL ] UPDATE `server_info`  SET `runTime`='4d53m47s',`version`='123',`totalMemory`='134217728',`freeMemory`='94449664',`totalHddSpace`='67108864',`freeHddSpace`='25722880',`buildTime`='Nov/06/2015 12:49:27',`cpu`='MIPS 74Kc V4.12',`cpuCount`='1',`cpuFrequency`='600',`cpuLoad`='11',`boardName`='RB951G-2HnD',`onLineUserNum`='10',`systemTime`='Nov/06/2015 12:49:27',`timeZone`='aa',`status`=1  WHERE  `server_id` = 22 [ RunTime:0.044002s ]
[ error ] [0]variable type error： array[D:\wwwroot\rosManage\thinkphp\library\think\Response.php:312]

---------------------------------------------------------------
[ 2017-05-19T23:54:58+08:00 ] 127.0.0.1 127.0.0.1 GET /RosInfo/getApi?domain=jx004.webok.net&runTime=4d53m47s&version=123&totalMemory=134217728&freeMemory=94449664&totalHddSpace=67108864&freeHddSpace=25722880&buildTime=Nov/06/2015%2012:49:27&cpu=MIPS%2074Kc%20V4.12&cpuCount=1&cpuFrequency=600&cpuLoad=11&boardName=RB951G-2HnD&onLineUserNum=10&systemTime=Nov/06/2015%2012:49:27&timeZone=aa&status=1
[ log ] ros.com/RosInfo/getApi?domain=jx004.webok.net&runTime=4d53m47s&version=123&totalMemory=134217728&freeMemory=94449664&totalHddSpace=67108864&freeHddSpace=25722880&buildTime=Nov/06/2015%2012:49:27&cpu=MIPS%2074Kc%20V4.12&cpuCount=1&cpuFrequency=600&cpuLoad=11&boardName=RB951G-2HnD&onLineUserNum=10&systemTime=Nov/06/2015%2012:49:27&timeZone=aa&status=1 [运行时间：0.188010s][吞吐率：5.32req/s] [内存消耗：2,840.36kb] [文件加载：64]
[ info ] [ LANG ] D:\wwwroot\rosManage\thinkphp\lang\zh-cn.php
[ info ] [ LANG ] D:\wwwroot\rosManage\public/../application/lang\zh-cn.php
[ info ] [ BIND ] 'admin'
[ info ] [ ROUTE ] array (
  'type' => 'module',
  'module' => 
  array (
    0 => 'admin',
    1 => 'RosInfo',
    2 => 'getApi',
  ),
)
[ info ] [ HEADER ] array (
  'host' => 'ros.com',
  'connection' => 'keep-alive',
  'cache-control' => 'max-age=0',
  'upgrade-insecure-requests' => '1',
  'user-agent' => 'Mozilla/5.0 (Windows NT 6.1; WOW64) AppleWebKit/537.36 (KHTML, like Gecko) Chrome/54.0.2840.71 Safari/537.36',
  'accept' => 'text/html,application/xhtml+xml,application/xml;q=0.9,image/webp,*/*;q=0.8',
  'accept-encoding' => 'gzip, deflate, sdch',
  'accept-language' => 'zh-CN,zh;q=0.8',
  'cookie' => 'thinkphp_show_page_trace=0|0',
)
[ info ] [ PARAM ] array (
  'domain' => 'jx004.webok.net',
  'runTime' => '4d53m47s',
  'version' => '123',
  'totalMemory' => '134217728',
  'freeMemory' => '94449664',
  'totalHddSpace' => '67108864',
  'freeHddSpace' => '25722880',
  'buildTime' => 'Nov/06/2015 12:49:27',
  'cpu' => 'MIPS 74Kc V4.12',
  'cpuCount' => '1',
  'cpuFrequency' => '600',
  'cpuLoad' => '11',
  'boardName' => 'RB951G-2HnD',
  'onLineUserNum' => '10',
  'systemTime' => 'Nov/06/2015 12:49:27',
  'timeZone' => 'aa',
  'status' => '1',
)
[ info ] [ RUN ] app\admin\controller\RosInfo->getApi[ D:\wwwroot\rosManage\application\admin\controller\RosInfo.php ]
[ info ] [ DB ] INIT mysql
[ info ] [ CACHE ] INIT File
[ info ] [ LOG ] INIT File
[ sql ] [ DB ] CONNECT:[ UseTime:0.012001s ] mysql:dbname=ros_admin;host=127.0.0.1;port=3306;charset=utf8
[ sql ] [ SQL ] SHOW COLUMNS FROM `route_service` [ RunTime:0.008000s ]
[ sql ] [ SQL ] SELECT * FROM `route_service` WHERE  `domain` LIKE 'jx004.webok.net' OR `by_domain` LIKE '%jx004.webok.net%' LIMIT 1 [ RunTime:0.001000s ]
[ sql ] [ SQL ] SHOW COLUMNS FROM `server_info` [ RunTime:0.005000s ]
[ sql ] [ SQL ] SELECT * FROM `server_info` WHERE  `server_id` = 22 LIMIT 1 [ RunTime:0.004000s ]
[ sql ] [ SQL ] UPDATE `server_info`  SET `runTime`='4d53m47s',`version`='123',`totalMemory`='134217728',`freeMemory`='94449664',`totalHddSpace`='67108864',`freeHddSpace`='25722880',`buildTime`='Nov/06/2015 12:49:27',`cpu`='MIPS 74Kc V4.12',`cpuCount`='1',`cpuFrequency`='600',`cpuLoad`='11',`boardName`='RB951G-2HnD',`onLineUserNum`='10',`systemTime`='Nov/06/2015 12:49:27',`timeZone`='aa',`status`=1  WHERE  `server_id` = 22 [ RunTime:0.068003s ]
[ error ] [0]variable type error： array[D:\wwwroot\rosManage\thinkphp\library\think\Response.php:312]

---------------------------------------------------------------
[ 2017-05-19T23:55:16+08:00 ] 127.0.0.1 127.0.0.1 GET /RosInfo/getApi?domain=jx004.webok.net&runTime=4d53m47s&version=1234&totalMemory=134217728&freeMemory=94449664&totalHddSpace=67108864&freeHddSpace=25722880&buildTime=Nov/06/2015%2012:49:27&cpu=MIPS%2074Kc%20V4.12&cpuCount=1&cpuFrequency=600&cpuLoad=11&boardName=RB951G-2HnD&onLineUserNum=10&systemTime=Nov/06/2015%2012:49:27&timeZone=aa&status=1
[ log ] ros.com/RosInfo/getApi?domain=jx004.webok.net&runTime=4d53m47s&version=1234&totalMemory=134217728&freeMemory=94449664&totalHddSpace=67108864&freeHddSpace=25722880&buildTime=Nov/06/2015%2012:49:27&cpu=MIPS%2074Kc%20V4.12&cpuCount=1&cpuFrequency=600&cpuLoad=11&boardName=RB951G-2HnD&onLineUserNum=10&systemTime=Nov/06/2015%2012:49:27&timeZone=aa&status=1 [运行时间：0.167010s][吞吐率：5.99req/s] [内存消耗：2,840.43kb] [文件加载：64]
[ info ] [ LANG ] D:\wwwroot\rosManage\thinkphp\lang\zh-cn.php
[ info ] [ LANG ] D:\wwwroot\rosManage\public/../application/lang\zh-cn.php
[ info ] [ BIND ] 'admin'
[ info ] [ ROUTE ] array (
  'type' => 'module',
  'module' => 
  array (
    0 => 'admin',
    1 => 'RosInfo',
    2 => 'getApi',
  ),
)
[ info ] [ HEADER ] array (
  'host' => 'ros.com',
  'connection' => 'keep-alive',
  'upgrade-insecure-requests' => '1',
  'user-agent' => 'Mozilla/5.0 (Windows NT 6.1; WOW64) AppleWebKit/537.36 (KHTML, like Gecko) Chrome/54.0.2840.71 Safari/537.36',
  'accept' => 'text/html,application/xhtml+xml,application/xml;q=0.9,image/webp,*/*;q=0.8',
  'accept-encoding' => 'gzip, deflate, sdch',
  'accept-language' => 'zh-CN,zh;q=0.8',
  'cookie' => 'thinkphp_show_page_trace=0|0',
)
[ info ] [ PARAM ] array (
  'domain' => 'jx004.webok.net',
  'runTime' => '4d53m47s',
  'version' => '1234',
  'totalMemory' => '134217728',
  'freeMemory' => '94449664',
  'totalHddSpace' => '67108864',
  'freeHddSpace' => '25722880',
  'buildTime' => 'Nov/06/2015 12:49:27',
  'cpu' => 'MIPS 74Kc V4.12',
  'cpuCount' => '1',
  'cpuFrequency' => '600',
  'cpuLoad' => '11',
  'boardName' => 'RB951G-2HnD',
  'onLineUserNum' => '10',
  'systemTime' => 'Nov/06/2015 12:49:27',
  'timeZone' => 'aa',
  'status' => '1',
)
[ info ] [ RUN ] app\admin\controller\RosInfo->getApi[ D:\wwwroot\rosManage\application\admin\controller\RosInfo.php ]
[ info ] [ DB ] INIT mysql
[ info ] [ CACHE ] INIT File
[ info ] [ LOG ] INIT File
[ sql ] [ DB ] CONNECT:[ UseTime:0.001000s ] mysql:dbname=ros_admin;host=127.0.0.1;port=3306;charset=utf8
[ sql ] [ SQL ] SHOW COLUMNS FROM `route_service` [ RunTime:0.004000s ]
[ sql ] [ SQL ] SELECT * FROM `route_service` WHERE  `domain` LIKE 'jx004.webok.net' OR `by_domain` LIKE '%jx004.webok.net%' LIMIT 1 [ RunTime:0.000000s ]
[ sql ] [ SQL ] SHOW COLUMNS FROM `server_info` [ RunTime:0.004001s ]
[ sql ] [ SQL ] SELECT * FROM `server_info` WHERE  `server_id` = 22 LIMIT 1 [ RunTime:0.001000s ]
[ sql ] [ SQL ] UPDATE `server_info`  SET `runTime`='4d53m47s',`version`='1234',`totalMemory`='134217728',`freeMemory`='94449664',`totalHddSpace`='67108864',`freeHddSpace`='25722880',`buildTime`='Nov/06/2015 12:49:27',`cpu`='MIPS 74Kc V4.12',`cpuCount`='1',`cpuFrequency`='600',`cpuLoad`='11',`boardName`='RB951G-2HnD',`onLineUserNum`='10',`systemTime`='Nov/06/2015 12:49:27',`timeZone`='aa',`status`=1  WHERE  `server_id` = 22 [ RunTime:0.078004s ]
[ error ] [0]variable type error： array[D:\wwwroot\rosManage\thinkphp\library\think\Response.php:312]

---------------------------------------------------------------
[ 2017-05-19T23:56:02+08:00 ] 127.0.0.1 127.0.0.1 GET /RosInfo/getApi?domain=lyg.webok.net&runTime=4d53m47s&version=1234&totalMemory=134217728&freeMemory=94449664&totalHddSpace=67108864&freeHddSpace=25722880&buildTime=Nov/06/2015%2012:49:27&cpu=MIPS%2074Kc%20V4.12&cpuCount=1&cpuFrequency=600&cpuLoad=11&boardName=RB951G-2HnD&onLineUserNum=10&systemTime=Nov/06/2015%2012:49:27&timeZone=aa&status=1
[ log ] ros.com/RosInfo/getApi?domain=lyg.webok.net&runTime=4d53m47s&version=1234&totalMemory=134217728&freeMemory=94449664&totalHddSpace=67108864&freeHddSpace=25722880&buildTime=Nov/06/2015%2012:49:27&cpu=MIPS%2074Kc%20V4.12&cpuCount=1&cpuFrequency=600&cpuLoad=11&boardName=RB951G-2HnD&onLineUserNum=10&systemTime=Nov/06/2015%2012:49:27&timeZone=aa&status=1 [运行时间：0.245014s][吞吐率：4.08req/s] [内存消耗：2,784.61kb] [文件加载：62]
[ info ] [ LANG ] D:\wwwroot\rosManage\thinkphp\lang\zh-cn.php
[ info ] [ LANG ] D:\wwwroot\rosManage\public/../application/lang\zh-cn.php
[ info ] [ BIND ] 'admin'
[ info ] [ ROUTE ] array (
  'type' => 'module',
  'module' => 
  array (
    0 => 'admin',
    1 => 'RosInfo',
    2 => 'getApi',
  ),
)
[ info ] [ HEADER ] array (
  'host' => 'ros.com',
  'connection' => 'keep-alive',
  'upgrade-insecure-requests' => '1',
  'user-agent' => 'Mozilla/5.0 (Windows NT 6.1; WOW64) AppleWebKit/537.36 (KHTML, like Gecko) Chrome/54.0.2840.71 Safari/537.36',
  'accept' => 'text/html,application/xhtml+xml,application/xml;q=0.9,image/webp,*/*;q=0.8',
  'accept-encoding' => 'gzip, deflate, sdch',
  'accept-language' => 'zh-CN,zh;q=0.8',
  'cookie' => 'thinkphp_show_page_trace=0|0',
)
[ info ] [ PARAM ] array (
  'domain' => 'lyg.webok.net',
  'runTime' => '4d53m47s',
  'version' => '1234',
  'totalMemory' => '134217728',
  'freeMemory' => '94449664',
  'totalHddSpace' => '67108864',
  'freeHddSpace' => '25722880',
  'buildTime' => 'Nov/06/2015 12:49:27',
  'cpu' => 'MIPS 74Kc V4.12',
  'cpuCount' => '1',
  'cpuFrequency' => '600',
  'cpuLoad' => '11',
  'boardName' => 'RB951G-2HnD',
  'onLineUserNum' => '10',
  'systemTime' => 'Nov/06/2015 12:49:27',
  'timeZone' => 'aa',
  'status' => '1',
)
[ info ] [ RUN ] app\admin\controller\RosInfo->getApi[ D:\wwwroot\rosManage\application\admin\controller\RosInfo.php ]
[ info ] [ DB ] INIT mysql
[ info ] [ LOG ] INIT File
[ sql ] [ DB ] CONNECT:[ UseTime:0.001001s ] mysql:dbname=ros_admin;host=127.0.0.1;port=3306;charset=utf8
[ sql ] [ SQL ] SHOW COLUMNS FROM `route_service` [ RunTime:0.004000s ]
[ sql ] [ SQL ] SELECT * FROM `route_service` WHERE  `domain` LIKE 'lyg.webok.net' OR `by_domain` LIKE '%lyg.webok.net%' LIMIT 1 [ RunTime:0.001000s ]
[ sql ] [ SQL ] SHOW COLUMNS FROM `server_info` [ RunTime:0.004000s ]
[ sql ] [ SQL ] SELECT * FROM `server_info` WHERE  `server_id` = 24 LIMIT 1 [ RunTime:0.001000s ]
[ sql ] [ SQL ] INSERT INTO `server_info` (`runTime` , `version` , `totalMemory` , `freeMemory` , `totalHddSpace` , `freeHddSpace` , `buildTime` , `cpu` , `cpuCount` , `cpuFrequency` , `cpuLoad` , `boardName` , `onLineUserNum` , `systemTime` , `timeZone` , `status` , `server_id`) VALUES ('4d53m47s' , '1234' , '134217728' , '94449664' , '67108864' , '25722880' , 'Nov/06/2015 12:49:27' , 'MIPS 74Kc V4.12' , '1' , '600' , '11' , 'RB951G-2HnD' , '10' , 'Nov/06/2015 12:49:27' , 'aa' , 1 , 24) [ RunTime:0.159009s ]
[ error ] [0]variable type error： array[D:\wwwroot\rosManage\thinkphp\library\think\Response.php:312]

---------------------------------------------------------------
